Using pre-set license
Built from '2020.3/staging' branch; Version is '2020.3.16f1 (049d6eca3c44) revision 302446'; Using compiler version '192528614'; Build Type 'Release'
OS: 'Windows 10 Home; OS build 19043.1165; Version 2009; 64bit' Language: 'ko' Physical Memory: 16272 MB
BatchMode: 1, IsHumanControllingUs: 0, StartBugReporterOnCrash: 0, Is64bit: 1, IsPro: 0

 COMMAND LINE ARGUMENTS:
C:\Program Files\Unity\Hub\Editor\2020.3.16f1\Editor\Unity.exe
-adb2
-batchMode
-noUpm
-name
AssetImportWorker0
-projectPath
D:/gg/UnityExercise-main/MyGameProjet
-logFile
Logs/AssetImportWorker0.log
-srvPort
60290
Successfully changed project path to: D:/gg/UnityExercise-main/MyGameProjet
D:/gg/UnityExercise-main/MyGameProjet
Using Asset Import Pipeline V2.
Refreshing native plugins compatible for Editor in 173.07 ms, found 2 plugins.
Preloading 0 native plugins for Editor in 0.00 ms.
Initialize engine version: 2020.3.16f1 (049d6eca3c44)
[Subsystems] Discovering subsystems at path C:/Program Files/Unity/Hub/Editor/2020.3.16f1/Editor/Data/Resources/UnitySubsystems
[Subsystems] Discovering subsystems at path D:/gg/UnityExercise-main/MyGameProjet/Assets
GfxDevice: creating device client; threaded=0
Direct3D:
    Version:  Direct3D 11.0 [level 11.1]
    Renderer: NVIDIA GeForce GTX 1050 (ID=0x1c8d)
    Vendor:   
    VRAM:     4021 MB
    Driver:   27.21.14.6677
Initialize mono
Mono path[0] = 'C:/Program Files/Unity/Hub/Editor/2020.3.16f1/Editor/Data/Managed'
Mono path[1] = 'C:/Program Files/Unity/Hub/Editor/2020.3.16f1/Editor/Data/MonoBleedingEdge/lib/mono/unityjit'
Mono config path = 'C:/Program Files/Unity/Hub/Editor/2020.3.16f1/Editor/Data/MonoBleedingEdge/etc'
Using monoOptions --debugger-agent=transport=dt_socket,embedding=1,server=y,suspend=n,address=127.0.0.1:56136
Begin MonoManager ReloadAssembly
Registering precompiled unity dll's ...
Register platform support module: C:/Program Files/Unity/Hub/Editor/2020.3.16f1/Editor/Data/PlaybackEngines/WindowsStandaloneSupport/UnityEditor.WindowsStandalone.Extensions.dll
Registered in 0.185031 seconds.
Native extension for WindowsStandalone target not found
Refreshing native plugins compatible for Editor in 60.69 ms, found 2 plugins.
Preloading 0 native plugins for Editor in 0.00 ms.
Mono: successfully reloaded assembly
- Completed reload, in  7.936 seconds
Domain Reload Profiling:
	ReloadAssembly (7937ms)
		BeginReloadAssembly (3346ms)
			ExecutionOrderSort (0ms)
			DisableScriptedObjects (0ms)
			BackupInstance (0ms)
			ReleaseScriptingObjects (0ms)
			CreateAndSetChildDomain (3ms)
		EndReloadAssembly (1131ms)
			LoadAssemblies (3340ms)
			RebuildTransferFunctionScriptingTraits (0ms)
			SetupTypeCache (657ms)
			ReleaseScriptCaches (0ms)
			RebuildScriptCaches (52ms)
			SetupLoadedEditorAssemblies (290ms)
				LogAssemblyErrors (0ms)
				InitializePlatformSupportModulesInManaged (6ms)
				SetLoadedEditorAssemblies (0ms)
				RefreshPlugins (61ms)
				BeforeProcessingInitializeOnLoad (24ms)
				ProcessInitializeOnLoadAttributes (140ms)
				ProcessInitializeOnLoadMethodAttributes (59ms)
				AfterProcessingInitializeOnLoad (0ms)
				EditorAssembliesLoaded (0ms)
			ExecutionOrderSort2 (0ms)
			AwakeInstancesAfterBackupRestoration (0ms)
Platform modules already initialized, skipping
Registering precompiled user dll's ...
Registered in 0.792319 seconds.
Begin MonoManager ReloadAssembly
Native extension for WindowsStandalone target not found
Refreshing native plugins compatible for Editor in 0.41 ms, found 2 plugins.
Preloading 0 native plugins for Editor in 0.00 ms.
Mono: successfully reloaded assembly
- Completed reload, in  4.406 seconds
Domain Reload Profiling:
	ReloadAssembly (4410ms)
		BeginReloadAssembly (234ms)
			ExecutionOrderSort (0ms)
			DisableScriptedObjects (7ms)
			BackupInstance (0ms)
			ReleaseScriptingObjects (0ms)
			CreateAndSetChildDomain (28ms)
		EndReloadAssembly (4073ms)
			LoadAssemblies (1745ms)
			RebuildTransferFunctionScriptingTraits (0ms)
			SetupTypeCache (1241ms)
			ReleaseScriptCaches (1ms)
			RebuildScriptCaches (71ms)
			SetupLoadedEditorAssemblies (851ms)
				LogAssemblyErrors (0ms)
				InitializePlatformSupportModulesInManaged (7ms)
				SetLoadedEditorAssemblies (1ms)
				RefreshPlugins (0ms)
				BeforeProcessingInitializeOnLoad (127ms)
				ProcessInitializeOnLoadAttributes (697ms)
				ProcessInitializeOnLoadMethodAttributes (7ms)
				AfterProcessingInitializeOnLoad (12ms)
				EditorAssembliesLoaded (0ms)
			ExecutionOrderSort2 (0ms)
			AwakeInstancesAfterBackupRestoration (9ms)
Platform modules already initialized, skipping
========================================================================
Worker process is ready to serve import requests
Launched and connected shader compiler UnityShaderCompiler.exe after 0.13 seconds
Refreshing native plugins compatible for Editor in 0.36 ms, found 2 plugins.
Preloading 0 native plugins for Editor in 0.00 ms.
Unloading 1415 Unused Serialized files (Serialized files now loaded: 0)
System memory in use before: 70.3 MB.
System memory in use after: 70.4 MB.

Unloading 19 unused Assets to reduce memory usage. Loaded Objects now: 1856.
Total: 4.967000 ms (FindLiveObjects: 0.261800 ms CreateObjectMapping: 0.115400 ms MarkObjects: 4.465500 ms  DeleteObjects: 0.122600 ms)

AssetImportParameters requested are different than current active one (requested -> active):
  custom:framework-win-MediaFoundation: 216162199b28c13a410421893ffa2e32 -> 
  custom:video-decoder-ogg-theora: a1e56fd34408186e4bbccfd4996cb3dc -> 
  custom:container-muxer-webm: aa71ff27fc2769a1b78a27578f13a17b -> 
  custom:container-demuxer-webm: 4f35f7cbe854078d1ac9338744f61a02 -> 
  custom:container-demuxer-ogg: 62fdf1f143b41e24485cea50d1cbac27 -> 
  custom:video-encoder-webm-vp8: eb34c28f22e8b96e1ab97ce403110664 -> 
  custom:video-decoder-webm-vp8: 9c59270c3fd7afecdb556c50c9e8de78 -> 
  custom:audio-decoder-ogg-vorbis: bf7c407c2cedff20999df2af8eb42d56 -> 
  custom:audio-encoder-webm-vorbis: bf7c407c2cedff20999df2af8eb42d56 -> 
========================================================================
Received Import Request.
  path: Assets/Resources/Animations/UnitAnimation/m_weapon_run_rm.FBX
  artifactKey: Guid(c0048537d6cf8f048b3f020cc6f2a35c) Importer(815301076,1909f56bfc062723c751e8b465ee728b)
Start importing Assets/Resources/Animations/UnitAnimation/m_weapon_run_rm.FBX using Guid(c0048537d6cf8f048b3f020cc6f2a35c) Importer(815301076,1909f56bfc062723c751e8b465ee728b)  -> (artifact id: 'ec85462817a9b73d8756f85660caad21') in 0.158580 seconds 
  Import took 0.164151 seconds .

========================================================================
Received Import Request.
  Time since last request: 0.000318 seconds.
  path: Assets/Resources/Animations/UnitAnimation/m_weapon_idle_B.FBX
  artifactKey: Guid(e3caf38ba16a77949bc98ff31b5bd67f) Importer(815301076,1909f56bfc062723c751e8b465ee728b)
Start importing Assets/Resources/Animations/UnitAnimation/m_weapon_idle_B.FBX using Guid(e3caf38ba16a77949bc98ff31b5bd67f) Importer(815301076,1909f56bfc062723c751e8b465ee728b)  -> (artifact id: '8414dbe398f5294c16c58a531c3d6653') in 0.043407 seconds 
  Import took 0.066896 seconds .

========================================================================
Received Import Request.
  Time since last request: 0.000225 seconds.
  path: Assets/Resources/Animations/Enemy
  artifactKey: Guid(4920f7a2a16510b4683daaeec19f8d49) Importer(815301076,1909f56bfc062723c751e8b465ee728b)
Start importing Assets/Resources/Animations/Enemy using Guid(4920f7a2a16510b4683daaeec19f8d49) Importer(815301076,1909f56bfc062723c751e8b465ee728b)  -> (artifact id: 'cdfb41d798b04677fa1ceedca5922932') in 0.019609 seconds 
  Import took 0.032128 seconds .

========================================================================
Received Import Request.
  Time since last request: 0.000299 seconds.
  path: Assets/Resources/Animations
  artifactKey: Guid(18d01e60913ba24448b40ceecbe34fe6) Importer(815301076,1909f56bfc062723c751e8b465ee728b)
Start importing Assets/Resources/Animations using Guid(18d01e60913ba24448b40ceecbe34fe6) Importer(815301076,1909f56bfc062723c751e8b465ee728b)  -> (artifact id: '6702f0b085fa00e652b8574f5e878b17') in 0.019903 seconds 
  Import took 0.030951 seconds .

========================================================================
Received Import Request.
  Time since last request: 0.000240 seconds.
  path: Assets/Resources/Animations/UnitAnimation/m_weapon_shoot_burst.FBX
  artifactKey: Guid(687cb842871188646890b29f6e3b80b6) Importer(815301076,1909f56bfc062723c751e8b465ee728b)
Start importing Assets/Resources/Animations/UnitAnimation/m_weapon_shoot_burst.FBX using Guid(687cb842871188646890b29f6e3b80b6) Importer(815301076,1909f56bfc062723c751e8b465ee728b)  -> (artifact id: '477ab2ed04777f9732a4224f79c9da62') in 0.040491 seconds 
  Import took 0.043957 seconds .

========================================================================
Received Import Request.
  Time since last request: 0.000198 seconds.
  path: Assets/Resources/Animations/UnitAnimation/m_weapon_shoot.FBX
  artifactKey: Guid(80ab5b1ef45fca4489c63ad4e31b41a1) Importer(815301076,1909f56bfc062723c751e8b465ee728b)
Start importing Assets/Resources/Animations/UnitAnimation/m_weapon_shoot.FBX using Guid(80ab5b1ef45fca4489c63ad4e31b41a1) Importer(815301076,1909f56bfc062723c751e8b465ee728b)  -> (artifact id: 'ab8ae112dc535a3403251a2bba8341cb') in 0.039622 seconds 
  Import took 0.043182 seconds .

========================================================================
Received Import Request.
  Time since last request: 0.000257 seconds.
  path: Assets/Resources/Animations/UnitAnimation
  artifactKey: Guid(0ea352ffa70bbfb46993c5a4df00d6d2) Importer(815301076,1909f56bfc062723c751e8b465ee728b)
Start importing Assets/Resources/Animations/UnitAnimation using Guid(0ea352ffa70bbfb46993c5a4df00d6d2) Importer(815301076,1909f56bfc062723c751e8b465ee728b)  -> (artifact id: '9410b5dbff8139ca5fbde1d7ce9c997a') in 0.007720 seconds 
  Import took 0.012853 seconds .

========================================================================
Received Import Request.
  Time since last request: 0.000064 seconds.
  path: Assets/Resources/Animations/UnitAnimation/m_weapon_idle_A.FBX
  artifactKey: Guid(f76657dd6f742dd4087218090ad1148c) Importer(815301076,1909f56bfc062723c751e8b465ee728b)
Start importing Assets/Resources/Animations/UnitAnimation/m_weapon_idle_A.FBX using Guid(f76657dd6f742dd4087218090ad1148c) Importer(815301076,1909f56bfc062723c751e8b465ee728b)  -> (artifact id: '2f42afbf2b5099575a46e43f6ae257d7') in 0.047798 seconds 
  Import took 0.052191 seconds .

========================================================================
Received Import Request.
  Time since last request: 0.000207 seconds.
  path: Assets/Resources/Animations/UnitAnimation/m_weapon_run.FBX
  artifactKey: Guid(5af874656ec2e434b80f9647d65942a7) Importer(815301076,1909f56bfc062723c751e8b465ee728b)
Start importing Assets/Resources/Animations/UnitAnimation/m_weapon_run.FBX using Guid(5af874656ec2e434b80f9647d65942a7) Importer(815301076,1909f56bfc062723c751e8b465ee728b)  -> (artifact id: '291536360c638cbe262eac2908bd4de5') in 0.040455 seconds 
  Import took 0.043796 seconds .

========================================================================
Received Import Request.
  Time since last request: 1543.217533 seconds.
  path: Assets/Scenes/Motion.unity
  artifactKey: Guid(5a016889d41d30d45872fe471d754151) Importer(815301076,1909f56bfc062723c751e8b465ee728b)
Start importing Assets/Scenes/Motion.unity using Guid(5a016889d41d30d45872fe471d754151) Importer(815301076,1909f56bfc062723c751e8b465ee728b)  -> (artifact id: '36a53d62bb1c62a4e1aedb80fe51ee90') in 0.014580 seconds 
  Import took 0.032649 seconds .

========================================================================
Received Import Request.
  Time since last request: 797.877531 seconds.
  path: Assets/Resources/Materials
  artifactKey: Guid(89917f7036a22d34c8a335bdd3e83e2b) Importer(815301076,1909f56bfc062723c751e8b465ee728b)
Start importing Assets/Resources/Materials using Guid(89917f7036a22d34c8a335bdd3e83e2b) Importer(815301076,1909f56bfc062723c751e8b465ee728b)  -> (artifact id: 'a8c783e49a273116d2a1d64ad4d1db0e') in 0.366783 seconds 
  Import took 0.374014 seconds .

========================================================================
Received Import Request.
  Time since last request: 5.986770 seconds.
  path: Assets/Resources/Materials/Player
  artifactKey: Guid(9ead16b755e6e234a954218ceebdeb93) Importer(815301076,1909f56bfc062723c751e8b465ee728b)
Start importing Assets/Resources/Materials/Player using Guid(9ead16b755e6e234a954218ceebdeb93) Importer(815301076,1909f56bfc062723c751e8b465ee728b)  -> (artifact id: '5af472f8d9c62c267e2e9579762d188d') in 0.016279 seconds 
  Import took 0.023233 seconds .

========================================================================
Received Import Request.
  Time since last request: 0.001205 seconds.
  path: Assets/Resources/Materials/Player
  artifactKey: Guid(9ead16b755e6e234a954218ceebdeb93) Importer(815301076,1909f56bfc062723c751e8b465ee728b)
Start importing Assets/Resources/Materials/Player using Guid(9ead16b755e6e234a954218ceebdeb93) Importer(815301076,1909f56bfc062723c751e8b465ee728b)  -> (artifact id: '5af472f8d9c62c267e2e9579762d188d') in 0.003376 seconds 
  Import took 0.006810 seconds .

========================================================================
Received Import Request.
  Time since last request: 13.242391 seconds.
  path: Assets/Resources/Materials/Player/e.mat
  artifactKey: Guid(204fc8b85b7079d4ebb2160f8543d75e) Importer(815301076,1909f56bfc062723c751e8b465ee728b)
Start importing Assets/Resources/Materials/Player/e.mat using Guid(204fc8b85b7079d4ebb2160f8543d75e) Importer(815301076,1909f56bfc062723c751e8b465ee728b)  -> (artifact id: '981188f9a9bef5eb425d8e02cd92dfc3') in 0.160027 seconds 
  Import took 0.167650 seconds .

========================================================================
Received Import Request.
  Time since last request: 56.555688 seconds.
  path: Assets/Resources/Materials/Player/e.mat
  artifactKey: Guid(204fc8b85b7079d4ebb2160f8543d75e) Importer(815301076,1909f56bfc062723c751e8b465ee728b)
Start importing Assets/Resources/Materials/Player/e.mat using Guid(204fc8b85b7079d4ebb2160f8543d75e) Importer(815301076,1909f56bfc062723c751e8b465ee728b)  -> (artifact id: '289fe6cf0616c2dd6adee8f59b960e76') in 0.024937 seconds 
  Import took 0.033672 seconds .

========================================================================
Received Import Request.
  Time since last request: 130.847840 seconds.
  path: Assets/Resources/Materials/Player/b
  artifactKey: Guid(b6a61856a218d9a45aee416cc11df367) Importer(815301076,1909f56bfc062723c751e8b465ee728b)
Start importing Assets/Resources/Materials/Player/b using Guid(b6a61856a218d9a45aee416cc11df367) Importer(815301076,1909f56bfc062723c751e8b465ee728b)  -> (artifact id: '078ce7c39b00052089be5dc4e33d90f7') in 0.014389 seconds 
  Import took 0.456793 seconds .

========================================================================
Received Import Request.
  Time since last request: 14.293005 seconds.
  path: Assets/Resources/Materials/Player/b.mat
  artifactKey: Guid(afe8766d453f67f488de9fdcdc97cffb) Importer(815301076,1909f56bfc062723c751e8b465ee728b)
Start importing Assets/Resources/Materials/Player/b.mat using Guid(afe8766d453f67f488de9fdcdc97cffb) Importer(815301076,1909f56bfc062723c751e8b465ee728b)  -> (artifact id: '355b9be09de9fd6e3a8d147185b6bd5e') in 0.024669 seconds 
  Import took 0.033430 seconds .

========================================================================
Received Import Request.
  Time since last request: 732.318375 seconds.
  path: Assets/Resources/Prefab/Player.prefab
  artifactKey: Guid(91edfdca4c7f8d240bbf4bf032baa554) Importer(815301076,1909f56bfc062723c751e8b465ee728b)
Start importing Assets/Resources/Prefab/Player.prefab using Guid(91edfdca4c7f8d240bbf4bf032baa554) Importer(815301076,1909f56bfc062723c751e8b465ee728b)  -> (artifact id: '512c204903cdaf92941a974d3e464a38') in 0.069424 seconds 
  Import took 0.091634 seconds .

========================================================================
Received Import Request.
  Time since last request: 240.197991 seconds.
  path: Assets/Resources/Prefab/UnitPrefab/TT_Soldiers_Demo.prefab
  artifactKey: Guid(5bf81c1e7c3fa764c9ad1ad61f333094) Importer(815301076,1909f56bfc062723c751e8b465ee728b)
Start importing Assets/Resources/Prefab/UnitPrefab/TT_Soldiers_Demo.prefab using Guid(5bf81c1e7c3fa764c9ad1ad61f333094) Importer(815301076,1909f56bfc062723c751e8b465ee728b)  -> (artifact id: '70717ad440d965e25f2c89504dc82468') in 0.060233 seconds 
  Import took 0.065489 seconds .

========================================================================
Received Import Request.
  Time since last request: 4.315988 seconds.
  path: Assets/Resources/Prefab/Player.prefab
  artifactKey: Guid(91edfdca4c7f8d240bbf4bf032baa554) Importer(815301076,1909f56bfc062723c751e8b465ee728b)
Start importing Assets/Resources/Prefab/Player.prefab using Guid(91edfdca4c7f8d240bbf4bf032baa554) Importer(815301076,1909f56bfc062723c751e8b465ee728b)  -> (artifact id: 'cf70bb5b52e1fbbf2dafbd19ab7cefff') in 0.055982 seconds 
  Import took 0.065292 seconds .

========================================================================
Received Import Request.
  Time since last request: 18.805296 seconds.
  path: Assets/Resources/Prefab/Player.controller
  artifactKey: Guid(85157a0267587a9448d3645d30a133aa) Importer(815301076,1909f56bfc062723c751e8b465ee728b)
Start importing Assets/Resources/Prefab/Player.controller using Guid(85157a0267587a9448d3645d30a133aa) Importer(815301076,1909f56bfc062723c751e8b465ee728b)  -> (artifact id: '3b661896e237b07e2edcca6d75379fe3') in 0.017969 seconds 
  Import took 0.022580 seconds .

========================================================================
Received Import Request.
  Time since last request: 550.260613 seconds.
  path: Assets/Resources/Prefab/Player.controller
  artifactKey: Guid(85157a0267587a9448d3645d30a133aa) Importer(815301076,1909f56bfc062723c751e8b465ee728b)
Start importing Assets/Resources/Prefab/Player.controller using Guid(85157a0267587a9448d3645d30a133aa) Importer(815301076,1909f56bfc062723c751e8b465ee728b)  -> (artifact id: 'c1f6daba05e58a7902b2c5141e4d9ca6') in 0.008797 seconds 
  Import took 0.016341 seconds .

========================================================================
Received Import Request.
  Time since last request: 16.203903 seconds.
  path: Assets/Resources/Prefab/New Animation.anim
  artifactKey: Guid(a3577102202d6d2418c24acacf96b492) Importer(815301076,1909f56bfc062723c751e8b465ee728b)
Start importing Assets/Resources/Prefab/New Animation.anim using Guid(a3577102202d6d2418c24acacf96b492) Importer(815301076,1909f56bfc062723c751e8b465ee728b)  -> (artifact id: 'b475e6685881378f8f8fb19b06efb88c') in 0.021422 seconds 
  Import took 0.028347 seconds .

========================================================================
Received Import Request.
  Time since last request: 0.003298 seconds.
  path: Assets/Resources/Prefab/New Animation.anim
  artifactKey: Guid(a3577102202d6d2418c24acacf96b492) Importer(815301076,1909f56bfc062723c751e8b465ee728b)
Start importing Assets/Resources/Prefab/New Animation.anim using Guid(a3577102202d6d2418c24acacf96b492) Importer(815301076,1909f56bfc062723c751e8b465ee728b)  -> (artifact id: 'b475e6685881378f8f8fb19b06efb88c') in 0.006827 seconds 
  Import took 0.016382 seconds .

========================================================================
Received Import Request.
  Time since last request: 55.343904 seconds.
  path: Assets/Resources/Prefab/Player 1.prefab
  artifactKey: Guid(9e89360bb8eeefb47b4873f0fe1beee4) Importer(815301076,1909f56bfc062723c751e8b465ee728b)
Start importing Assets/Resources/Prefab/Player 1.prefab using Guid(9e89360bb8eeefb47b4873f0fe1beee4) Importer(815301076,1909f56bfc062723c751e8b465ee728b)  -> (artifact id: '93ae846ce23411568d14e6786728c75e') in 0.053719 seconds 
  Import took 0.059794 seconds .

========================================================================
Received Import Request.
  Time since last request: 23.784214 seconds.
  path: Assets/Resources/Prefab/Player.prefab
  artifactKey: Guid(91edfdca4c7f8d240bbf4bf032baa554) Importer(815301076,1909f56bfc062723c751e8b465ee728b)
Start importing Assets/Resources/Prefab/Player.prefab using Guid(91edfdca4c7f8d240bbf4bf032baa554) Importer(815301076,1909f56bfc062723c751e8b465ee728b)  -> (artifact id: '22c5cc8dada598dd71bca3935b42ba73') in 0.079451 seconds 
  Import took 0.099170 seconds .

========================================================================
Received Prepare
Registering precompiled user dll's ...
Registered in 0.006397 seconds.
Begin MonoManager ReloadAssembly
Native extension for WindowsStandalone target not found
Refreshing native plugins compatible for Editor in 0.39 ms, found 2 plugins.
Preloading 0 native plugins for Editor in 0.00 ms.
Mono: successfully reloaded assembly
- Completed reload, in  1.856 seconds
Domain Reload Profiling:
	ReloadAssembly (1857ms)
		BeginReloadAssembly (183ms)
			ExecutionOrderSort (0ms)
			DisableScriptedObjects (4ms)
			BackupInstance (0ms)
			ReleaseScriptingObjects (0ms)
			CreateAndSetChildDomain (62ms)
		EndReloadAssembly (1566ms)
			LoadAssemblies (157ms)
			RebuildTransferFunctionScriptingTraits (0ms)
			SetupTypeCache (529ms)
			ReleaseScriptCaches (1ms)
			RebuildScriptCaches (73ms)
			SetupLoadedEditorAssemblies (614ms)
				LogAssemblyErrors (0ms)
				InitializePlatformSupportModulesInManaged (6ms)
				SetLoadedEditorAssemblies (0ms)
				RefreshPlugins (0ms)
				BeforeProcessingInitializeOnLoad (121ms)
				ProcessInitializeOnLoadAttributes (468ms)
				ProcessInitializeOnLoadMethodAttributes (9ms)
				AfterProcessingInitializeOnLoad (9ms)
				EditorAssembliesLoaded (0ms)
			ExecutionOrderSort2 (0ms)
			AwakeInstancesAfterBackupRestoration (14ms)
Platform modules already initialized, skipping
Refreshing native plugins compatible for Editor in 0.66 ms, found 2 plugins.
Preloading 0 native plugins for Editor in 0.00 ms.
Unloading 1406 Unused Serialized files (Serialized files now loaded: 0)
System memory in use before: 87.0 MB.
System memory in use after: 87.1 MB.

Unloading 15 unused Assets to reduce memory usage. Loaded Objects now: 1902.
Total: 8.806700 ms (FindLiveObjects: 0.682900 ms CreateObjectMapping: 0.176800 ms MarkObjects: 7.703400 ms  DeleteObjects: 0.241100 ms)

AssetImportParameters requested are different than current active one (requested -> active):
  custom:framework-win-MediaFoundation: 216162199b28c13a410421893ffa2e32 -> 
  custom:video-decoder-ogg-theora: a1e56fd34408186e4bbccfd4996cb3dc -> 
  custom:container-muxer-webm: aa71ff27fc2769a1b78a27578f13a17b -> 
  custom:container-demuxer-webm: 4f35f7cbe854078d1ac9338744f61a02 -> 
  custom:container-demuxer-ogg: 62fdf1f143b41e24485cea50d1cbac27 -> 
  custom:video-encoder-webm-vp8: eb34c28f22e8b96e1ab97ce403110664 -> 
  custom:video-decoder-webm-vp8: 9c59270c3fd7afecdb556c50c9e8de78 -> 
  custom:audio-decoder-ogg-vorbis: bf7c407c2cedff20999df2af8eb42d56 -> 
  custom:audio-encoder-webm-vorbis: bf7c407c2cedff20999df2af8eb42d56 -> 
========================================================================
Received Prepare
Registering precompiled user dll's ...
Registered in 0.003263 seconds.
Begin MonoManager ReloadAssembly
Native extension for WindowsStandalone target not found
Refreshing native plugins compatible for Editor in 0.40 ms, found 2 plugins.
Preloading 0 native plugins for Editor in 0.00 ms.
Mono: successfully reloaded assembly
- Completed reload, in  1.110 seconds
Domain Reload Profiling:
	ReloadAssembly (1111ms)
		BeginReloadAssembly (113ms)
			ExecutionOrderSort (0ms)
			DisableScriptedObjects (5ms)
			BackupInstance (0ms)
			ReleaseScriptingObjects (0ms)
			CreateAndSetChildDomain (35ms)
		EndReloadAssembly (930ms)
			LoadAssemblies (89ms)
			RebuildTransferFunctionScriptingTraits (0ms)
			SetupTypeCache (298ms)
			ReleaseScriptCaches (1ms)
			RebuildScriptCaches (46ms)
			SetupLoadedEditorAssemblies (388ms)
				LogAssemblyErrors (0ms)
				InitializePlatformSupportModulesInManaged (5ms)
				SetLoadedEditorAssemblies (0ms)
				RefreshPlugins (0ms)
				BeforeProcessingInitializeOnLoad (75ms)
				ProcessInitializeOnLoadAttributes (295ms)
				ProcessInitializeOnLoadMethodAttributes (4ms)
				AfterProcessingInitializeOnLoad (7ms)
				EditorAssembliesLoaded (0ms)
			ExecutionOrderSort2 (0ms)
			AwakeInstancesAfterBackupRestoration (7ms)
Platform modules already initialized, skipping
Refreshing native plugins compatible for Editor in 0.38 ms, found 2 plugins.
Preloading 0 native plugins for Editor in 0.00 ms.
Unloading 1406 Unused Serialized files (Serialized files now loaded: 0)
System memory in use before: 87.0 MB.
System memory in use after: 87.1 MB.

Unloading 14 unused Assets to reduce memory usage. Loaded Objects now: 1904.
Total: 2.936800 ms (FindLiveObjects: 0.137900 ms CreateObjectMapping: 0.043200 ms MarkObjects: 2.734000 ms  DeleteObjects: 0.020400 ms)

AssetImportParameters requested are different than current active one (requested -> active):
  custom:framework-win-MediaFoundation: 216162199b28c13a410421893ffa2e32 -> 
  custom:video-decoder-ogg-theora: a1e56fd34408186e4bbccfd4996cb3dc -> 
  custom:container-muxer-webm: aa71ff27fc2769a1b78a27578f13a17b -> 
  custom:container-demuxer-webm: 4f35f7cbe854078d1ac9338744f61a02 -> 
  custom:container-demuxer-ogg: 62fdf1f143b41e24485cea50d1cbac27 -> 
  custom:video-encoder-webm-vp8: eb34c28f22e8b96e1ab97ce403110664 -> 
  custom:video-decoder-webm-vp8: 9c59270c3fd7afecdb556c50c9e8de78 -> 
  custom:audio-decoder-ogg-vorbis: bf7c407c2cedff20999df2af8eb42d56 -> 
  custom:audio-encoder-webm-vorbis: bf7c407c2cedff20999df2af8eb42d56 -> 
========================================================================
Received Prepare
Registering precompiled user dll's ...
Registered in 0.005202 seconds.
Begin MonoManager ReloadAssembly
Native extension for WindowsStandalone target not found
Refreshing native plugins compatible for Editor in 0.38 ms, found 2 plugins.
Preloading 0 native plugins for Editor in 0.00 ms.
Mono: successfully reloaded assembly
- Completed reload, in  1.102 seconds
Domain Reload Profiling:
	ReloadAssembly (1102ms)
		BeginReloadAssembly (118ms)
			ExecutionOrderSort (0ms)
			DisableScriptedObjects (4ms)
			BackupInstance (0ms)
			ReleaseScriptingObjects (0ms)
			CreateAndSetChildDomain (33ms)
		EndReloadAssembly (920ms)
			LoadAssemblies (87ms)
			RebuildTransferFunctionScriptingTraits (0ms)
			SetupTypeCache (287ms)
			ReleaseScriptCaches (1ms)
			RebuildScriptCaches (41ms)
			SetupLoadedEditorAssemblies (398ms)
				LogAssemblyErrors (0ms)
				InitializePlatformSupportModulesInManaged (6ms)
				SetLoadedEditorAssemblies (0ms)
				RefreshPlugins (0ms)
				BeforeProcessingInitializeOnLoad (75ms)
				ProcessInitializeOnLoadAttributes (305ms)
				ProcessInitializeOnLoadMethodAttributes (4ms)
				AfterProcessingInitializeOnLoad (7ms)
				EditorAssembliesLoaded (0ms)
			ExecutionOrderSort2 (0ms)
			AwakeInstancesAfterBackupRestoration (7ms)
Platform modules already initialized, skipping
Refreshing native plugins compatible for Editor in 0.45 ms, found 2 plugins.
Preloading 0 native plugins for Editor in 0.00 ms.
Unloading 1406 Unused Serialized files (Serialized files now loaded: 0)
System memory in use before: 87.0 MB.
System memory in use after: 87.1 MB.

Unloading 14 unused Assets to reduce memory usage. Loaded Objects now: 1906.
Total: 3.014300 ms (FindLiveObjects: 0.158000 ms CreateObjectMapping: 0.045200 ms MarkObjects: 2.788600 ms  DeleteObjects: 0.020900 ms)

AssetImportParameters requested are different than current active one (requested -> active):
  custom:framework-win-MediaFoundation: 216162199b28c13a410421893ffa2e32 -> 
  custom:video-decoder-ogg-theora: a1e56fd34408186e4bbccfd4996cb3dc -> 
  custom:container-muxer-webm: aa71ff27fc2769a1b78a27578f13a17b -> 
  custom:container-demuxer-webm: 4f35f7cbe854078d1ac9338744f61a02 -> 
  custom:container-demuxer-ogg: 62fdf1f143b41e24485cea50d1cbac27 -> 
  custom:video-encoder-webm-vp8: eb34c28f22e8b96e1ab97ce403110664 -> 
  custom:video-decoder-webm-vp8: 9c59270c3fd7afecdb556c50c9e8de78 -> 
  custom:audio-decoder-ogg-vorbis: bf7c407c2cedff20999df2af8eb42d56 -> 
  custom:audio-encoder-webm-vorbis: bf7c407c2cedff20999df2af8eb42d56 -> 
========================================================================
Received Import Request.
  Time since last request: 408.668327 seconds.
  path: Assets/Resources/Prefab/New Animation.anim
  artifactKey: Guid(a3577102202d6d2418c24acacf96b492) Importer(815301076,1909f56bfc062723c751e8b465ee728b)
Start importing Assets/Resources/Prefab/New Animation.anim using Guid(a3577102202d6d2418c24acacf96b492) Importer(815301076,1909f56bfc062723c751e8b465ee728b)  -> (artifact id: 'b93feaf7df080184a3073466288daff6') in 0.015984 seconds 
  Import took 0.018409 seconds .

========================================================================
Received Prepare
Registering precompiled user dll's ...
Registered in 0.004639 seconds.
Begin MonoManager ReloadAssembly
Native extension for WindowsStandalone target not found
Refreshing native plugins compatible for Editor in 0.38 ms, found 2 plugins.
Preloading 0 native plugins for Editor in 0.00 ms.
Mono: successfully reloaded assembly
- Completed reload, in  1.096 seconds
Domain Reload Profiling:
	ReloadAssembly (1097ms)
		BeginReloadAssembly (108ms)
			ExecutionOrderSort (0ms)
			DisableScriptedObjects (4ms)
			BackupInstance (0ms)
			ReleaseScriptingObjects (0ms)
			CreateAndSetChildDomain (35ms)
		EndReloadAssembly (924ms)
			LoadAssemblies (89ms)
			RebuildTransferFunctionScriptingTraits (0ms)
			SetupTypeCache (283ms)
			ReleaseScriptCaches (1ms)
			RebuildScriptCaches (39ms)
			SetupLoadedEditorAssemblies (413ms)
				LogAssemblyErrors (0ms)
				InitializePlatformSupportModulesInManaged (5ms)
				SetLoadedEditorAssemblies (0ms)
				RefreshPlugins (0ms)
				BeforeProcessingInitializeOnLoad (75ms)
				ProcessInitializeOnLoadAttributes (320ms)
				ProcessInitializeOnLoadMethodAttributes (5ms)
				AfterProcessingInitializeOnLoad (7ms)
				EditorAssembliesLoaded (0ms)
			ExecutionOrderSort2 (0ms)
			AwakeInstancesAfterBackupRestoration (7ms)
Platform modules already initialized, skipping
Refreshing native plugins compatible for Editor in 0.38 ms, found 2 plugins.
Preloading 0 native plugins for Editor in 0.00 ms.
Unloading 1406 Unused Serialized files (Serialized files now loaded: 0)
System memory in use before: 87.0 MB.
System memory in use after: 87.1 MB.

Unloading 14 unused Assets to reduce memory usage. Loaded Objects now: 1908.
Total: 3.052400 ms (FindLiveObjects: 0.144900 ms CreateObjectMapping: 0.043900 ms MarkObjects: 2.835100 ms  DeleteObjects: 0.026500 ms)

AssetImportParameters requested are different than current active one (requested -> active):
  custom:framework-win-MediaFoundation: 216162199b28c13a410421893ffa2e32 -> 
  custom:video-decoder-ogg-theora: a1e56fd34408186e4bbccfd4996cb3dc -> 
  custom:container-muxer-webm: aa71ff27fc2769a1b78a27578f13a17b -> 
  custom:container-demuxer-webm: 4f35f7cbe854078d1ac9338744f61a02 -> 
  custom:container-demuxer-ogg: 62fdf1f143b41e24485cea50d1cbac27 -> 
  custom:video-encoder-webm-vp8: eb34c28f22e8b96e1ab97ce403110664 -> 
  custom:video-decoder-webm-vp8: 9c59270c3fd7afecdb556c50c9e8de78 -> 
  custom:audio-decoder-ogg-vorbis: bf7c407c2cedff20999df2af8eb42d56 -> 
  custom:audio-encoder-webm-vorbis: bf7c407c2cedff20999df2af8eb42d56 -> 
========================================================================
Received Import Request.
  Time since last request: 191.565338 seconds.
  path: Assets/Resources/Prefab/Player.controller
  artifactKey: Guid(85157a0267587a9448d3645d30a133aa) Importer(815301076,1909f56bfc062723c751e8b465ee728b)
Start importing Assets/Resources/Prefab/Player.controller using Guid(85157a0267587a9448d3645d30a133aa) Importer(815301076,1909f56bfc062723c751e8b465ee728b)  -> (artifact id: 'd3f37a1ae6884f887c76b19f4806feb0') in 0.016665 seconds 
  Import took 0.019706 seconds .

========================================================================
Received Import Request.
  Time since last request: 92.306631 seconds.
  path: Assets/Resources/Prefab/Run.anim
  artifactKey: Guid(8eb07280c4c59de4685fa6a7db89d8e5) Importer(815301076,1909f56bfc062723c751e8b465ee728b)
Start importing Assets/Resources/Prefab/Run.anim using Guid(8eb07280c4c59de4685fa6a7db89d8e5) Importer(815301076,1909f56bfc062723c751e8b465ee728b)  -> (artifact id: 'd009d8b2f7c37cfd061a2ec095caf294') in 0.008032 seconds 
  Import took 0.011911 seconds .

========================================================================
Received Import Request.
  Time since last request: 17.776765 seconds.
  path: Assets/Resources/Prefab/Idel.anim
  artifactKey: Guid(a3577102202d6d2418c24acacf96b492) Importer(815301076,1909f56bfc062723c751e8b465ee728b)
Start importing Assets/Resources/Prefab/Idel.anim using Guid(a3577102202d6d2418c24acacf96b492) Importer(815301076,1909f56bfc062723c751e8b465ee728b)  -> (artifact id: 'ac96d4aaa3f7511978fc34d5843407b1') in 0.007790 seconds 
  Import took 0.011302 seconds .

========================================================================
Received Import Request.
  Time since last request: 124.844506 seconds.
  path: Assets/Resources/Prefab/Player.prefab
  artifactKey: Guid(91edfdca4c7f8d240bbf4bf032baa554) Importer(815301076,1909f56bfc062723c751e8b465ee728b)
Start importing Assets/Resources/Prefab/Player.prefab using Guid(91edfdca4c7f8d240bbf4bf032baa554) Importer(815301076,1909f56bfc062723c751e8b465ee728b)  -> (artifact id: '9448364e87ff244860bf97b83d0aca25') in 0.071185 seconds 
  Import took 0.074511 seconds .

========================================================================
Received Import Request.
  Time since last request: 7.511404 seconds.
  path: Assets/Resources/Prefab/Player.prefab
  artifactKey: Guid(91edfdca4c7f8d240bbf4bf032baa554) Importer(815301076,1909f56bfc062723c751e8b465ee728b)
Start importing Assets/Resources/Prefab/Player.prefab using Guid(91edfdca4c7f8d240bbf4bf032baa554) Importer(815301076,1909f56bfc062723c751e8b465ee728b)  -> (artifact id: '1ad88c7474c40aaa60b8b7322afa1c57') in 0.016650 seconds 
  Import took 0.019975 seconds .

========================================================================
Received Import Request.
  Time since last request: 226.788661 seconds.
  path: Assets/Resources/Prefab/Player.prefab
  artifactKey: Guid(91edfdca4c7f8d240bbf4bf032baa554) Importer(815301076,1909f56bfc062723c751e8b465ee728b)
Start importing Assets/Resources/Prefab/Player.prefab using Guid(91edfdca4c7f8d240bbf4bf032baa554) Importer(815301076,1909f56bfc062723c751e8b465ee728b)  -> (artifact id: 'cf40f73f538db5ee2796b2b5d8eaa49c') in 0.014945 seconds 
  Import took 0.018960 seconds .

========================================================================
Received Import Request.
  Time since last request: 3.816097 seconds.
  path: Assets/Resources/Prefab/Player.prefab
  artifactKey: Guid(91edfdca4c7f8d240bbf4bf032baa554) Importer(815301076,1909f56bfc062723c751e8b465ee728b)
Start importing Assets/Resources/Prefab/Player.prefab using Guid(91edfdca4c7f8d240bbf4bf032baa554) Importer(815301076,1909f56bfc062723c751e8b465ee728b)  -> (artifact id: '1651fc1758ba52ae3bd43ea7fc487c0e') in 0.013577 seconds 
  Import took 0.017135 seconds .

========================================================================
Received Import Request.
  Time since last request: 6.308049 seconds.
  path: Assets/Resources/Prefab/Player.prefab
  artifactKey: Guid(91edfdca4c7f8d240bbf4bf032baa554) Importer(815301076,1909f56bfc062723c751e8b465ee728b)
Start importing Assets/Resources/Prefab/Player.prefab using Guid(91edfdca4c7f8d240bbf4bf032baa554) Importer(815301076,1909f56bfc062723c751e8b465ee728b)  -> (artifact id: 'd34de4559c9955ae1008302186960729') in 0.016357 seconds 
  Import took 0.021233 seconds .

========================================================================
Received Import Request.
  Time since last request: 4.424580 seconds.
  path: Assets/Resources/Prefab/Player.prefab
  artifactKey: Guid(91edfdca4c7f8d240bbf4bf032baa554) Importer(815301076,1909f56bfc062723c751e8b465ee728b)
Start importing Assets/Resources/Prefab/Player.prefab using Guid(91edfdca4c7f8d240bbf4bf032baa554) Importer(815301076,1909f56bfc062723c751e8b465ee728b)  -> (artifact id: '7db9fbfe0ff0eb13dfacf111d3e21c4d') in 0.014161 seconds 
  Import took 0.017692 seconds .

========================================================================
Received Prepare
Registering precompiled user dll's ...
Registered in 0.003325 seconds.
Begin MonoManager ReloadAssembly
Native extension for WindowsStandalone target not found
Refreshing native plugins compatible for Editor in 0.37 ms, found 2 plugins.
Preloading 0 native plugins for Editor in 0.00 ms.
Mono: successfully reloaded assembly
- Completed reload, in  1.157 seconds
Domain Reload Profiling:
	ReloadAssembly (1157ms)
		BeginReloadAssembly (120ms)
			ExecutionOrderSort (0ms)
			DisableScriptedObjects (4ms)
			BackupInstance (0ms)
			ReleaseScriptingObjects (0ms)
			CreateAndSetChildDomain (37ms)
		EndReloadAssembly (961ms)
			LoadAssemblies (101ms)
			RebuildTransferFunctionScriptingTraits (0ms)
			SetupTypeCache (308ms)
			ReleaseScriptCaches (1ms)
			RebuildScriptCaches (41ms)
			SetupLoadedEditorAssemblies (398ms)
				LogAssemblyErrors (0ms)
				InitializePlatformSupportModulesInManaged (5ms)
				SetLoadedEditorAssemblies (0ms)
				RefreshPlugins (0ms)
				BeforeProcessingInitializeOnLoad (76ms)
				ProcessInitializeOnLoadAttributes (304ms)
				ProcessInitializeOnLoadMethodAttributes (5ms)
				AfterProcessingInitializeOnLoad (7ms)
				EditorAssembliesLoaded (0ms)
			ExecutionOrderSort2 (0ms)
			AwakeInstancesAfterBackupRestoration (8ms)
Platform modules already initialized, skipping
Refreshing native plugins compatible for Editor in 0.38 ms, found 2 plugins.
Preloading 0 native plugins for Editor in 0.00 ms.
Unloading 1406 Unused Serialized files (Serialized files now loaded: 0)
System memory in use before: 87.1 MB.
System memory in use after: 87.2 MB.

Unloading 15 unused Assets to reduce memory usage. Loaded Objects now: 1911.
Total: 3.174600 ms (FindLiveObjects: 0.146800 ms CreateObjectMapping: 0.043100 ms MarkObjects: 2.956900 ms  DeleteObjects: 0.026300 ms)

AssetImportParameters requested are different than current active one (requested -> active):
  custom:framework-win-MediaFoundation: 216162199b28c13a410421893ffa2e32 -> 
  custom:video-decoder-ogg-theora: a1e56fd34408186e4bbccfd4996cb3dc -> 
  custom:container-muxer-webm: aa71ff27fc2769a1b78a27578f13a17b -> 
  custom:container-demuxer-webm: 4f35f7cbe854078d1ac9338744f61a02 -> 
  custom:container-demuxer-ogg: 62fdf1f143b41e24485cea50d1cbac27 -> 
  custom:video-encoder-webm-vp8: eb34c28f22e8b96e1ab97ce403110664 -> 
  custom:video-decoder-webm-vp8: 9c59270c3fd7afecdb556c50c9e8de78 -> 
  custom:audio-decoder-ogg-vorbis: bf7c407c2cedff20999df2af8eb42d56 -> 
  custom:audio-encoder-webm-vorbis: bf7c407c2cedff20999df2af8eb42d56 -> 
========================================================================
Received Import Request.
  Time since last request: 379.830564 seconds.
  path: Assets/Resources/Prefab/Idel.anim
  artifactKey: Guid(a3577102202d6d2418c24acacf96b492) Importer(815301076,1909f56bfc062723c751e8b465ee728b)
Start importing Assets/Resources/Prefab/Idel.anim using Guid(a3577102202d6d2418c24acacf96b492) Importer(815301076,1909f56bfc062723c751e8b465ee728b)  -> (artifact id: '3f1e8887d6721a9b40e077ac80839721') in 0.030721 seconds 
  Import took 0.033717 seconds .

========================================================================
Received Prepare
Registering precompiled user dll's ...
Registered in 0.004945 seconds.
Begin MonoManager ReloadAssembly
Native extension for WindowsStandalone target not found
Refreshing native plugins compatible for Editor in 0.38 ms, found 2 plugins.
Preloading 0 native plugins for Editor in 0.00 ms.
Mono: successfully reloaded assembly
- Completed reload, in  1.152 seconds
Domain Reload Profiling:
	ReloadAssembly (1152ms)
		BeginReloadAssembly (143ms)
			ExecutionOrderSort (0ms)
			DisableScriptedObjects (4ms)
			BackupInstance (0ms)
			ReleaseScriptingObjects (0ms)
			CreateAndSetChildDomain (37ms)
		EndReloadAssembly (941ms)
			LoadAssemblies (109ms)
			RebuildTransferFunctionScriptingTraits (0ms)
			SetupTypeCache (293ms)
			ReleaseScriptCaches (1ms)
			RebuildScriptCaches (44ms)
			SetupLoadedEditorAssemblies (409ms)
				LogAssemblyErrors (0ms)
				InitializePlatformSupportModulesInManaged (5ms)
				SetLoadedEditorAssemblies (0ms)
				RefreshPlugins (0ms)
				BeforeProcessingInitializeOnLoad (71ms)
				ProcessInitializeOnLoadAttributes (320ms)
				ProcessInitializeOnLoadMethodAttributes (4ms)
				AfterProcessingInitializeOnLoad (7ms)
				EditorAssembliesLoaded (0ms)
			ExecutionOrderSort2 (0ms)
			AwakeInstancesAfterBackupRestoration (7ms)
Platform modules already initialized, skipping
Refreshing native plugins compatible for Editor in 0.38 ms, found 2 plugins.
Preloading 0 native plugins for Editor in 0.00 ms.
Unloading 1406 Unused Serialized files (Serialized files now loaded: 0)
System memory in use before: 87.1 MB.
System memory in use after: 87.2 MB.

Unloading 14 unused Assets to reduce memory usage. Loaded Objects now: 1913.
Total: 3.116100 ms (FindLiveObjects: 0.156200 ms CreateObjectMapping: 0.038500 ms MarkObjects: 2.898400 ms  DeleteObjects: 0.021800 ms)

AssetImportParameters requested are different than current active one (requested -> active):
  custom:framework-win-MediaFoundation: 216162199b28c13a410421893ffa2e32 -> 
  custom:video-decoder-ogg-theora: a1e56fd34408186e4bbccfd4996cb3dc -> 
  custom:container-muxer-webm: aa71ff27fc2769a1b78a27578f13a17b -> 
  custom:container-demuxer-webm: 4f35f7cbe854078d1ac9338744f61a02 -> 
  custom:container-demuxer-ogg: 62fdf1f143b41e24485cea50d1cbac27 -> 
  custom:video-encoder-webm-vp8: eb34c28f22e8b96e1ab97ce403110664 -> 
  custom:video-decoder-webm-vp8: 9c59270c3fd7afecdb556c50c9e8de78 -> 
  custom:audio-decoder-ogg-vorbis: bf7c407c2cedff20999df2af8eb42d56 -> 
  custom:audio-encoder-webm-vorbis: bf7c407c2cedff20999df2af8eb42d56 -> 
========================================================================
Received Import Request.
  Time since last request: 64.390876 seconds.
  path: Assets/Resources/Prefab/Player.controller
  artifactKey: Guid(85157a0267587a9448d3645d30a133aa) Importer(815301076,1909f56bfc062723c751e8b465ee728b)
Start importing Assets/Resources/Prefab/Player.controller using Guid(85157a0267587a9448d3645d30a133aa) Importer(815301076,1909f56bfc062723c751e8b465ee728b)  -> (artifact id: '3dd7c74dfec3feea6e45389cd00e9033') in 0.015173 seconds 
  Import took 0.018514 seconds .

========================================================================
Received Prepare
Registering precompiled user dll's ...
Registered in 0.006881 seconds.
Begin MonoManager ReloadAssembly
Native extension for WindowsStandalone target not found
Refreshing native plugins compatible for Editor in 0.64 ms, found 2 plugins.
Preloading 0 native plugins for Editor in 0.00 ms.
Mono: successfully reloaded assembly
- Completed reload, in  2.351 seconds
Domain Reload Profiling:
	ReloadAssembly (2352ms)
		BeginReloadAssembly (180ms)
			ExecutionOrderSort (0ms)
			DisableScriptedObjects (8ms)
			BackupInstance (0ms)
			ReleaseScriptingObjects (0ms)
			CreateAndSetChildDomain (53ms)
		EndReloadAssembly (2065ms)
			LoadAssemblies (163ms)
			RebuildTransferFunctionScriptingTraits (0ms)
			SetupTypeCache (469ms)
			ReleaseScriptCaches (1ms)
			RebuildScriptCaches (75ms)
			SetupLoadedEditorAssemblies (1174ms)
				LogAssemblyErrors (0ms)
				InitializePlatformSupportModulesInManaged (10ms)
				SetLoadedEditorAssemblies (1ms)
				RefreshPlugins (1ms)
				BeforeProcessingInitializeOnLoad (125ms)
				ProcessInitializeOnLoadAttributes (1019ms)
				ProcessInitializeOnLoadMethodAttributes (8ms)
				AfterProcessingInitializeOnLoad (10ms)
				EditorAssembliesLoaded (0ms)
			ExecutionOrderSort2 (0ms)
			AwakeInstancesAfterBackupRestoration (11ms)
Platform modules already initialized, skipping
Refreshing native plugins compatible for Editor in 0.64 ms, found 2 plugins.
Preloading 0 native plugins for Editor in 0.00 ms.
Unloading 1406 Unused Serialized files (Serialized files now loaded: 0)
System memory in use before: 87.1 MB.
System memory in use after: 87.2 MB.

Unloading 14 unused Assets to reduce memory usage. Loaded Objects now: 1915.
Total: 4.526400 ms (FindLiveObjects: 0.283300 ms CreateObjectMapping: 0.099900 ms MarkObjects: 4.105400 ms  DeleteObjects: 0.034900 ms)

AssetImportParameters requested are different than current active one (requested -> active):
  custom:framework-win-MediaFoundation: 216162199b28c13a410421893ffa2e32 -> 
  custom:video-decoder-ogg-theora: a1e56fd34408186e4bbccfd4996cb3dc -> 
  custom:container-muxer-webm: aa71ff27fc2769a1b78a27578f13a17b -> 
  custom:container-demuxer-webm: 4f35f7cbe854078d1ac9338744f61a02 -> 
  custom:container-demuxer-ogg: 62fdf1f143b41e24485cea50d1cbac27 -> 
  custom:video-encoder-webm-vp8: eb34c28f22e8b96e1ab97ce403110664 -> 
  custom:video-decoder-webm-vp8: 9c59270c3fd7afecdb556c50c9e8de78 -> 
  custom:audio-decoder-ogg-vorbis: bf7c407c2cedff20999df2af8eb42d56 -> 
  custom:audio-encoder-webm-vorbis: bf7c407c2cedff20999df2af8eb42d56 -> 
========================================================================
Received Prepare
Registering precompiled user dll's ...
Registered in 0.003347 seconds.
Begin MonoManager ReloadAssembly
Native extension for WindowsStandalone target not found
Refreshing native plugins compatible for Editor in 0.37 ms, found 2 plugins.
Preloading 0 native plugins for Editor in 0.00 ms.
Mono: successfully reloaded assembly
- Completed reload, in  1.058 seconds
Domain Reload Profiling:
	ReloadAssembly (1058ms)
		BeginReloadAssembly (111ms)
			ExecutionOrderSort (0ms)
			DisableScriptedObjects (5ms)
			BackupInstance (0ms)
			ReleaseScriptingObjects (0ms)
			CreateAndSetChildDomain (33ms)
		EndReloadAssembly (880ms)
			LoadAssemblies (87ms)
			RebuildTransferFunctionScriptingTraits (0ms)
			SetupTypeCache (271ms)
			ReleaseScriptCaches (1ms)
			RebuildScriptCaches (40ms)
			SetupLoadedEditorAssemblies (380ms)
				LogAssemblyErrors (0ms)
				InitializePlatformSupportModulesInManaged (5ms)
				SetLoadedEditorAssemblies (0ms)
				RefreshPlugins (0ms)
				BeforeProcessingInitializeOnLoad (72ms)
				ProcessInitializeOnLoadAttributes (291ms)
				ProcessInitializeOnLoadMethodAttributes (4ms)
				AfterProcessingInitializeOnLoad (6ms)
				EditorAssembliesLoaded (0ms)
			ExecutionOrderSort2 (0ms)
			AwakeInstancesAfterBackupRestoration (7ms)
Platform modules already initialized, skipping
Refreshing native plugins compatible for Editor in 0.43 ms, found 2 plugins.
Preloading 0 native plugins for Editor in 0.00 ms.
Unloading 1406 Unused Serialized files (Serialized files now loaded: 0)
System memory in use before: 87.1 MB.
System memory in use after: 87.2 MB.

Unloading 14 unused Assets to reduce memory usage. Loaded Objects now: 1917.
Total: 2.767300 ms (FindLiveObjects: 0.152200 ms CreateObjectMapping: 0.050800 ms MarkObjects: 2.540900 ms  DeleteObjects: 0.022100 ms)

AssetImportParameters requested are different than current active one (requested -> active):
  custom:framework-win-MediaFoundation: 216162199b28c13a410421893ffa2e32 -> 
  custom:video-decoder-ogg-theora: a1e56fd34408186e4bbccfd4996cb3dc -> 
  custom:container-muxer-webm: aa71ff27fc2769a1b78a27578f13a17b -> 
  custom:container-demuxer-webm: 4f35f7cbe854078d1ac9338744f61a02 -> 
  custom:container-demuxer-ogg: 62fdf1f143b41e24485cea50d1cbac27 -> 
  custom:video-encoder-webm-vp8: eb34c28f22e8b96e1ab97ce403110664 -> 
  custom:video-decoder-webm-vp8: 9c59270c3fd7afecdb556c50c9e8de78 -> 
  custom:audio-decoder-ogg-vorbis: bf7c407c2cedff20999df2af8eb42d56 -> 
  custom:audio-encoder-webm-vorbis: bf7c407c2cedff20999df2af8eb42d56 -> 
AssetImportWorkerClient::OnTransportError - code=2 error=End of file
