Using pre-set license
Built from '2020.3/staging' branch; Version is '2020.3.16f1 (049d6eca3c44) revision 302446'; Using compiler version '192528614'; Build Type 'Release'
OS: 'Windows 10 Home; OS build 19043.1165; Version 2009; 64bit' Language: 'ko' Physical Memory: 16272 MB
BatchMode: 1, IsHumanControllingUs: 0, StartBugReporterOnCrash: 0, Is64bit: 1, IsPro: 0

 COMMAND LINE ARGUMENTS:
C:\Program Files\Unity\Hub\Editor\2020.3.16f1\Editor\Unity.exe
-adb2
-batchMode
-noUpm
-name
AssetImportWorker0
-projectPath
C:/Users/SILVER/Documents/GitHub/GOEUNunity/Start
-logFile
Logs/AssetImportWorker0.log
-srvPort
59913
Successfully changed project path to: C:/Users/SILVER/Documents/GitHub/GOEUNunity/Start
C:/Users/SILVER/Documents/GitHub/GOEUNunity/Start
Using Asset Import Pipeline V2.
Refreshing native plugins compatible for Editor in 147.16 ms, found 2 plugins.
Preloading 0 native plugins for Editor in 0.00 ms.
Initialize engine version: 2020.3.16f1 (049d6eca3c44)
[Subsystems] Discovering subsystems at path C:/Program Files/Unity/Hub/Editor/2020.3.16f1/Editor/Data/Resources/UnitySubsystems
[Subsystems] Discovering subsystems at path C:/Users/SILVER/Documents/GitHub/GOEUNunity/Start/Assets
GfxDevice: creating device client; threaded=0
Direct3D:
    Version:  Direct3D 11.0 [level 11.1]
    Renderer: NVIDIA GeForce GTX 1050 (ID=0x1c8d)
    Vendor:   
    VRAM:     4021 MB
    Driver:   27.21.14.6677
Initialize mono
Mono path[0] = 'C:/Program Files/Unity/Hub/Editor/2020.3.16f1/Editor/Data/Managed'
Mono path[1] = 'C:/Program Files/Unity/Hub/Editor/2020.3.16f1/Editor/Data/MonoBleedingEdge/lib/mono/unityjit'
Mono config path = 'C:/Program Files/Unity/Hub/Editor/2020.3.16f1/Editor/Data/MonoBleedingEdge/etc'
Using monoOptions --debugger-agent=transport=dt_socket,embedding=1,server=y,suspend=n,address=127.0.0.1:56528
Begin MonoManager ReloadAssembly
Registering precompiled unity dll's ...
Register platform support module: C:/Program Files/Unity/Hub/Editor/2020.3.16f1/Editor/Data/PlaybackEngines/WindowsStandaloneSupport/UnityEditor.WindowsStandalone.Extensions.dll
Registered in 0.014059 seconds.
Native extension for WindowsStandalone target not found
Refreshing native plugins compatible for Editor in 73.83 ms, found 2 plugins.
Preloading 0 native plugins for Editor in 0.00 ms.
Mono: successfully reloaded assembly
- Completed reload, in  4.237 seconds
Domain Reload Profiling:
	ReloadAssembly (4237ms)
		BeginReloadAssembly (130ms)
			ExecutionOrderSort (0ms)
			DisableScriptedObjects (0ms)
			BackupInstance (0ms)
			ReleaseScriptingObjects (0ms)
			CreateAndSetChildDomain (1ms)
		EndReloadAssembly (1119ms)
			LoadAssemblies (136ms)
			RebuildTransferFunctionScriptingTraits (0ms)
			SetupTypeCache (642ms)
			ReleaseScriptCaches (0ms)
			RebuildScriptCaches (55ms)
			SetupLoadedEditorAssemblies (275ms)
				LogAssemblyErrors (0ms)
				InitializePlatformSupportModulesInManaged (8ms)
				SetLoadedEditorAssemblies (0ms)
				RefreshPlugins (74ms)
				BeforeProcessingInitializeOnLoad (29ms)
				ProcessInitializeOnLoadAttributes (126ms)
				ProcessInitializeOnLoadMethodAttributes (37ms)
				AfterProcessingInitializeOnLoad (0ms)
				EditorAssembliesLoaded (0ms)
			ExecutionOrderSort2 (0ms)
			AwakeInstancesAfterBackupRestoration (0ms)
Platform modules already initialized, skipping
Registering precompiled user dll's ...
Registered in 0.010253 seconds.
Begin MonoManager ReloadAssembly
Native extension for WindowsStandalone target not found
Refreshing native plugins compatible for Editor in 0.73 ms, found 2 plugins.
Preloading 0 native plugins for Editor in 0.00 ms.
Mono: successfully reloaded assembly
- Completed reload, in  3.601 seconds
Domain Reload Profiling:
	ReloadAssembly (3604ms)
		BeginReloadAssembly (790ms)
			ExecutionOrderSort (0ms)
			DisableScriptedObjects (7ms)
			BackupInstance (0ms)
			ReleaseScriptingObjects (0ms)
			CreateAndSetChildDomain (56ms)
		EndReloadAssembly (2197ms)
			LoadAssemblies (312ms)
			RebuildTransferFunctionScriptingTraits (0ms)
			SetupTypeCache (636ms)
			ReleaseScriptCaches (1ms)
			RebuildScriptCaches (115ms)
			SetupLoadedEditorAssemblies (945ms)
				LogAssemblyErrors (0ms)
				InitializePlatformSupportModulesInManaged (15ms)
				SetLoadedEditorAssemblies (1ms)
				RefreshPlugins (1ms)
				BeforeProcessingInitializeOnLoad (209ms)
				ProcessInitializeOnLoadAttributes (674ms)
				ProcessInitializeOnLoadMethodAttributes (31ms)
				AfterProcessingInitializeOnLoad (15ms)
				EditorAssembliesLoaded (0ms)
			ExecutionOrderSort2 (0ms)
			AwakeInstancesAfterBackupRestoration (16ms)
Platform modules already initialized, skipping
========================================================================
Worker process is ready to serve import requests
Launched and connected shader compiler UnityShaderCompiler.exe after 0.11 seconds
Refreshing native plugins compatible for Editor in 1.34 ms, found 2 plugins.
Preloading 0 native plugins for Editor in 0.00 ms.
Unloading 1826 Unused Serialized files (Serialized files now loaded: 0)
System memory in use before: 157.4 MB.
System memory in use after: 157.4 MB.

Unloading 42 unused Assets to reduce memory usage. Loaded Objects now: 2259.
Total: 4.987500 ms (FindLiveObjects: 0.288600 ms CreateObjectMapping: 0.099800 ms MarkObjects: 4.434000 ms  DeleteObjects: 0.163100 ms)

AssetImportParameters requested are different than current active one (requested -> active):
  custom:framework-win-MediaFoundation: 216162199b28c13a410421893ffa2e32 -> 
  custom:video-decoder-ogg-theora: a1e56fd34408186e4bbccfd4996cb3dc -> 
  custom:container-muxer-webm: aa71ff27fc2769a1b78a27578f13a17b -> 
  custom:container-demuxer-webm: 4f35f7cbe854078d1ac9338744f61a02 -> 
  custom:container-demuxer-ogg: 62fdf1f143b41e24485cea50d1cbac27 -> 
  custom:video-encoder-webm-vp8: eb34c28f22e8b96e1ab97ce403110664 -> 
  custom:video-decoder-webm-vp8: 9c59270c3fd7afecdb556c50c9e8de78 -> 
  custom:audio-decoder-ogg-vorbis: bf7c407c2cedff20999df2af8eb42d56 -> 
  custom:audio-encoder-webm-vorbis: bf7c407c2cedff20999df2af8eb42d56 -> 
========================================================================
Received Import Request.
  path: Assets/Scenes/MoveCollision.unity
  artifactKey: Guid(dd705f986e127014ba37e8d0a9940a12) Importer(815301076,1909f56bfc062723c751e8b465ee728b)
Start importing Assets/Scenes/MoveCollision.unity using Guid(dd705f986e127014ba37e8d0a9940a12) Importer(815301076,1909f56bfc062723c751e8b465ee728b)  -> (artifact id: 'a3a3159fb2dc1f9f5335efe4351c1a6b') in 0.028041 seconds 
  Import took 0.034060 seconds .

========================================================================
Received Import Request.
  Time since last request: 0.000400 seconds.
  path: Assets/Scenes/MyGame.unity
  artifactKey: Guid(79ebcdfa5ab028349aa3d9b74badd16a) Importer(815301076,1909f56bfc062723c751e8b465ee728b)
Start importing Assets/Scenes/MyGame.unity using Guid(79ebcdfa5ab028349aa3d9b74badd16a) Importer(815301076,1909f56bfc062723c751e8b465ee728b)  -> (artifact id: 'd69c8cca41c5569069604e7e1bb8d650') in 0.009644 seconds 
  Import took 0.015659 seconds .

========================================================================
Received Import Request.
  Time since last request: 0.000070 seconds.
  path: Assets/Scenes/RotationExercise.unity
  artifactKey: Guid(d4af918a8ecdac841b7de73de1ae0657) Importer(815301076,1909f56bfc062723c751e8b465ee728b)
Start importing Assets/Scenes/RotationExercise.unity using Guid(d4af918a8ecdac841b7de73de1ae0657) Importer(815301076,1909f56bfc062723c751e8b465ee728b)  -> (artifact id: 'ddd6b67eb9cf79d9e08ea9550eafbbc7') in 0.010430 seconds 
  Import took 0.015756 seconds .

========================================================================
Received Import Request.
  Time since last request: 490.162962 seconds.
  path: Assets/Resources/Textures/Earth.jpg
  artifactKey: Guid(c24912a3a771cd447a0f04d2c7ffefb3) Importer(815301076,1909f56bfc062723c751e8b465ee728b)
Start importing Assets/Resources/Textures/Earth.jpg using Guid(c24912a3a771cd447a0f04d2c7ffefb3) Importer(815301076,1909f56bfc062723c751e8b465ee728b)  -> (artifact id: 'ffb998acfa3d07338e6635048c879bb7') in 0.200155 seconds 
  Import took 0.204948 seconds .

========================================================================
Received Import Request.
  Time since last request: 0.000250 seconds.
  path: Assets/Resources/Textures/Sun.jpg
  artifactKey: Guid(8e562466d8949ae4190dcd5045dbbda7) Importer(815301076,1909f56bfc062723c751e8b465ee728b)
Start importing Assets/Resources/Textures/Sun.jpg using Guid(8e562466d8949ae4190dcd5045dbbda7) Importer(815301076,1909f56bfc062723c751e8b465ee728b)  -> (artifact id: '58382c5284c7c3e9134a4c1f13333e7e') in 0.051526 seconds 
  Import took 0.055546 seconds .

========================================================================
Received Import Request.
  Time since last request: 0.000228 seconds.
  path: Assets/Resources/Textures/Moon.jpg
  artifactKey: Guid(b0e3c2236fbfd924aa58b1045e5ee37e) Importer(815301076,1909f56bfc062723c751e8b465ee728b)
Start importing Assets/Resources/Textures/Moon.jpg using Guid(b0e3c2236fbfd924aa58b1045e5ee37e) Importer(815301076,1909f56bfc062723c751e8b465ee728b)  -> (artifact id: '1c1c86b19a965a3a634ba09377b32600') in 0.056692 seconds 
  Import took 0.063529 seconds .

AssetImportWorkerClient::OnTransportError - code=2 error=End of file
