Using pre-set license
Built from '2020.3/staging' branch; Version is '2020.3.16f1 (049d6eca3c44) revision 302446'; Using compiler version '192528614'; Build Type 'Release'
OS: 'Windows 10 Home; OS build 19043.1165; Version 2009; 64bit' Language: 'ko' Physical Memory: 16272 MB
BatchMode: 1, IsHumanControllingUs: 0, StartBugReporterOnCrash: 0, Is64bit: 1, IsPro: 0

 COMMAND LINE ARGUMENTS:
C:\Program Files\Unity\Hub\Editor\2020.3.16f1\Editor\Unity.exe
-adb2
-batchMode
-noUpm
-name
AssetImportWorker0
-projectPath
C:/Users/SILVER/Documents/GitHub/GOEUNunity/PungPungStriker
-logFile
Logs/AssetImportWorker0.log
-srvPort
64902
Successfully changed project path to: C:/Users/SILVER/Documents/GitHub/GOEUNunity/PungPungStriker
C:/Users/SILVER/Documents/GitHub/GOEUNunity/PungPungStriker
Using Asset Import Pipeline V2.
Refreshing native plugins compatible for Editor in 46.01 ms, found 2 plugins.
Preloading 0 native plugins for Editor in 0.00 ms.
Initialize engine version: 2020.3.16f1 (049d6eca3c44)
[Subsystems] Discovering subsystems at path C:/Program Files/Unity/Hub/Editor/2020.3.16f1/Editor/Data/Resources/UnitySubsystems
[Subsystems] Discovering subsystems at path C:/Users/SILVER/Documents/GitHub/GOEUNunity/PungPungStriker/Assets
GfxDevice: creating device client; threaded=0
Direct3D:
    Version:  Direct3D 11.0 [level 11.1]
    Renderer: NVIDIA GeForce GTX 1050 (ID=0x1c8d)
    Vendor:   
    VRAM:     4021 MB
    Driver:   27.21.14.6677
Initialize mono
Mono path[0] = 'C:/Program Files/Unity/Hub/Editor/2020.3.16f1/Editor/Data/Managed'
Mono path[1] = 'C:/Program Files/Unity/Hub/Editor/2020.3.16f1/Editor/Data/MonoBleedingEdge/lib/mono/unityjit'
Mono config path = 'C:/Program Files/Unity/Hub/Editor/2020.3.16f1/Editor/Data/MonoBleedingEdge/etc'
Using monoOptions --debugger-agent=transport=dt_socket,embedding=1,server=y,suspend=n,address=127.0.0.1:56988
Begin MonoManager ReloadAssembly
Registering precompiled unity dll's ...
Register platform support module: C:/Program Files/Unity/Hub/Editor/2020.3.16f1/Editor/Data/PlaybackEngines/WindowsStandaloneSupport/UnityEditor.WindowsStandalone.Extensions.dll
Registered in 0.002659 seconds.
Native extension for WindowsStandalone target not found
Refreshing native plugins compatible for Editor in 36.43 ms, found 2 plugins.
Preloading 0 native plugins for Editor in 0.00 ms.
Mono: successfully reloaded assembly
- Completed reload, in  2.376 seconds
Domain Reload Profiling:
	ReloadAssembly (2376ms)
		BeginReloadAssembly (70ms)
			ExecutionOrderSort (0ms)
			DisableScriptedObjects (0ms)
			BackupInstance (0ms)
			ReleaseScriptingObjects (0ms)
			CreateAndSetChildDomain (1ms)
		EndReloadAssembly (617ms)
			LoadAssemblies (68ms)
			RebuildTransferFunctionScriptingTraits (0ms)
			SetupTypeCache (209ms)
			ReleaseScriptCaches (0ms)
			RebuildScriptCaches (64ms)
			SetupLoadedEditorAssemblies (256ms)
				LogAssemblyErrors (0ms)
				InitializePlatformSupportModulesInManaged (5ms)
				SetLoadedEditorAssemblies (0ms)
				RefreshPlugins (37ms)
				BeforeProcessingInitializeOnLoad (24ms)
				ProcessInitializeOnLoadAttributes (144ms)
				ProcessInitializeOnLoadMethodAttributes (45ms)
				AfterProcessingInitializeOnLoad (0ms)
				EditorAssembliesLoaded (1ms)
			ExecutionOrderSort2 (0ms)
			AwakeInstancesAfterBackupRestoration (0ms)
Platform modules already initialized, skipping
Registering precompiled user dll's ...
Registered in 0.008498 seconds.
Begin MonoManager ReloadAssembly
Native extension for WindowsStandalone target not found
Refreshing native plugins compatible for Editor in 0.43 ms, found 2 plugins.
Preloading 0 native plugins for Editor in 0.00 ms.
Mono: successfully reloaded assembly
- Completed reload, in  1.507 seconds
Domain Reload Profiling:
	ReloadAssembly (1508ms)
		BeginReloadAssembly (209ms)
			ExecutionOrderSort (0ms)
			DisableScriptedObjects (9ms)
			BackupInstance (0ms)
			ReleaseScriptingObjects (0ms)
			CreateAndSetChildDomain (25ms)
		EndReloadAssembly (1219ms)
			LoadAssemblies (114ms)
			RebuildTransferFunctionScriptingTraits (0ms)
			SetupTypeCache (357ms)
			ReleaseScriptCaches (0ms)
			RebuildScriptCaches (61ms)
			SetupLoadedEditorAssemblies (553ms)
				LogAssemblyErrors (0ms)
				InitializePlatformSupportModulesInManaged (6ms)
				SetLoadedEditorAssemblies (1ms)
				RefreshPlugins (1ms)
				BeforeProcessingInitializeOnLoad (115ms)
				ProcessInitializeOnLoadAttributes (417ms)
				ProcessInitializeOnLoadMethodAttributes (6ms)
				AfterProcessingInitializeOnLoad (7ms)
				EditorAssembliesLoaded (0ms)
			ExecutionOrderSort2 (0ms)
			AwakeInstancesAfterBackupRestoration (8ms)
Platform modules already initialized, skipping
========================================================================
Worker process is ready to serve import requests
Launched and connected shader compiler UnityShaderCompiler.exe after 0.08 seconds
Refreshing native plugins compatible for Editor in 0.61 ms, found 2 plugins.
Preloading 0 native plugins for Editor in 0.00 ms.
Unloading 1405 Unused Serialized files (Serialized files now loaded: 0)
System memory in use before: 69.5 MB.
System memory in use after: 69.5 MB.

Unloading 19 unused Assets to reduce memory usage. Loaded Objects now: 1839.
Total: 2.884300 ms (FindLiveObjects: 0.166600 ms CreateObjectMapping: 0.054500 ms MarkObjects: 2.551400 ms  DeleteObjects: 0.110400 ms)

AssetImportParameters requested are different than current active one (requested -> active):
  custom:framework-win-MediaFoundation: 216162199b28c13a410421893ffa2e32 -> 
  custom:video-decoder-ogg-theora: a1e56fd34408186e4bbccfd4996cb3dc -> 
  custom:container-muxer-webm: aa71ff27fc2769a1b78a27578f13a17b -> 
  custom:container-demuxer-webm: 4f35f7cbe854078d1ac9338744f61a02 -> 
  custom:container-demuxer-ogg: 62fdf1f143b41e24485cea50d1cbac27 -> 
  custom:video-encoder-webm-vp8: eb34c28f22e8b96e1ab97ce403110664 -> 
  custom:video-decoder-webm-vp8: 9c59270c3fd7afecdb556c50c9e8de78 -> 
  custom:audio-decoder-ogg-vorbis: bf7c407c2cedff20999df2af8eb42d56 -> 
  custom:audio-encoder-webm-vorbis: bf7c407c2cedff20999df2af8eb42d56 -> 
========================================================================
Received Import Request.
  path: Assets/Map/Prefabs/Trap 01.prefab
  artifactKey: Guid(eb3f51c9e4e6faa45b78a8c2a6e0c16d) Importer(815301076,1909f56bfc062723c751e8b465ee728b)
Start importing Assets/Map/Prefabs/Trap 01.prefab using Guid(eb3f51c9e4e6faa45b78a8c2a6e0c16d) Importer(815301076,1909f56bfc062723c751e8b465ee728b)  -> (artifact id: '6eae9d9888c8c009ba081cccea80bf9c') in 0.407801 seconds 
  Import took 0.411453 seconds .

========================================================================
Received Import Request.
  Time since last request: 0.000209 seconds.
  path: Assets/Map/Prefabs/FX Star.prefab
  artifactKey: Guid(cf2b180cac3506c4a9a0ab45fe990065) Importer(815301076,1909f56bfc062723c751e8b465ee728b)
Start importing Assets/Map/Prefabs/FX Star.prefab using Guid(cf2b180cac3506c4a9a0ab45fe990065) Importer(815301076,1909f56bfc062723c751e8b465ee728b)  -> (artifact id: 'abf76043005d289c0b301b9c78748881') in 0.067618 seconds 
  Import took 0.071371 seconds .

========================================================================
Received Import Request.
  Time since last request: 0.000317 seconds.
  path: Assets/Map/Prefabs
  artifactKey: Guid(3f5fb976ca04ca642bbef35580903084) Importer(815301076,1909f56bfc062723c751e8b465ee728b)
Start importing Assets/Map/Prefabs using Guid(3f5fb976ca04ca642bbef35580903084) Importer(815301076,1909f56bfc062723c751e8b465ee728b)  -> (artifact id: 'bc7c87ecc6b893617d8998174ed84936') in 0.015052 seconds 
  Import took 0.020269 seconds .

========================================================================
Received Import Request.
  Time since last request: 0.000451 seconds.
  path: Assets/Map/Prefabs/Grass 01.prefab
  artifactKey: Guid(1b8fbee291cdc1046a281cb2b3b51bf7) Importer(815301076,1909f56bfc062723c751e8b465ee728b)
Start importing Assets/Map/Prefabs/Grass 01.prefab using Guid(1b8fbee291cdc1046a281cb2b3b51bf7) Importer(815301076,1909f56bfc062723c751e8b465ee728b)  -> (artifact id: '3a70c17ec4ecc83ead8b62a0095a5254') in 0.025175 seconds 
  Import took 0.029240 seconds .

========================================================================
Received Import Request.
  Time since last request: 0.000252 seconds.
  path: Assets/Map/Prefabs/Bridge 01.prefab
  artifactKey: Guid(41b018f12ce178147b4607881dbcdcea) Importer(815301076,1909f56bfc062723c751e8b465ee728b)
Start importing Assets/Map/Prefabs/Bridge 01.prefab using Guid(41b018f12ce178147b4607881dbcdcea) Importer(815301076,1909f56bfc062723c751e8b465ee728b)  -> (artifact id: 'f95b970a842c5ac8feb170aae300877d') in 0.034214 seconds 
  Import took 0.039522 seconds .

========================================================================
Received Import Request.
  Time since last request: 0.001424 seconds.
  path: Assets/Map/Prefabs/Water 01.prefab
  artifactKey: Guid(ff78edb367a079b4a8f8ae2d128c581f) Importer(815301076,1909f56bfc062723c751e8b465ee728b)
Start importing Assets/Map/Prefabs/Water 01.prefab using Guid(ff78edb367a079b4a8f8ae2d128c581f) Importer(815301076,1909f56bfc062723c751e8b465ee728b)  -> (artifact id: 'd16ae92d87e717aed5201c66afaff2b2') in 0.035576 seconds 
  Import took 0.040402 seconds .

========================================================================
Received Import Request.
  Time since last request: 0.000248 seconds.
  path: Assets/Map/Prefabs/Button Platform 01 Blue.prefab
  artifactKey: Guid(6f360d966d3303542b0bbc78a89a8cd1) Importer(815301076,1909f56bfc062723c751e8b465ee728b)
Start importing Assets/Map/Prefabs/Button Platform 01 Blue.prefab using Guid(6f360d966d3303542b0bbc78a89a8cd1) Importer(815301076,1909f56bfc062723c751e8b465ee728b)  -> (artifact id: 'a566c014be09dc11c74cf3ec9c02761c') in 0.133929 seconds 
  Import took 0.137057 seconds .

========================================================================
Received Import Request.
  Time since last request: 0.000255 seconds.
  path: Assets/Map/Prefabs/Water 01.prefab
  artifactKey: Guid(ff78edb367a079b4a8f8ae2d128c581f) Importer(815301076,1909f56bfc062723c751e8b465ee728b)
Start importing Assets/Map/Prefabs/Water 01.prefab using Guid(ff78edb367a079b4a8f8ae2d128c581f) Importer(815301076,1909f56bfc062723c751e8b465ee728b)  -> (artifact id: 'd16ae92d87e717aed5201c66afaff2b2') in 0.010950 seconds 
  Import took 0.019086 seconds .

========================================================================
Received Import Request.
  Time since last request: 0.000289 seconds.
  path: Assets/Map/Prefabs/Button Platform 01 Red.prefab
  artifactKey: Guid(260a85a6c0f9d9043b33cbfab226e7bf) Importer(815301076,1909f56bfc062723c751e8b465ee728b)
Start importing Assets/Map/Prefabs/Button Platform 01 Red.prefab using Guid(260a85a6c0f9d9043b33cbfab226e7bf) Importer(815301076,1909f56bfc062723c751e8b465ee728b)  -> (artifact id: '0cc1574497a81c563c248e9b3e4e577f') in 0.026807 seconds 
  Import took 0.030946 seconds .

========================================================================
Received Import Request.
  Time since last request: 0.000358 seconds.
  path: Assets/Map
  artifactKey: Guid(94aa3c4d155471243a71bd25a10d5b42) Importer(815301076,1909f56bfc062723c751e8b465ee728b)
Start importing Assets/Map using Guid(94aa3c4d155471243a71bd25a10d5b42) Importer(815301076,1909f56bfc062723c751e8b465ee728b)  -> (artifact id: 'a2281dbb418c15f33986531ae198a672') in 0.014025 seconds 
  Import took 0.017927 seconds .

========================================================================
Received Import Request.
  Time since last request: 0.000235 seconds.
  path: Assets/Map/Prefabs/Waypoint 01.prefab
  artifactKey: Guid(19c412f8f5af8fa4dbe5adbf58d317e6) Importer(815301076,1909f56bfc062723c751e8b465ee728b)
Start importing Assets/Map/Prefabs/Waypoint 01.prefab using Guid(19c412f8f5af8fa4dbe5adbf58d317e6) Importer(815301076,1909f56bfc062723c751e8b465ee728b)  -> (artifact id: '5a75211a692cd47e15d947eea06935a7') in 0.029790 seconds 
  Import took 0.033050 seconds .

========================================================================
Received Import Request.
  Time since last request: 12.948107 seconds.
  path: Assets/Map/Model/Bridge 01.FBX
  artifactKey: Guid(e5261c64b0b362240b00537d11bc82be) Importer(815301076,1909f56bfc062723c751e8b465ee728b)
Start importing Assets/Map/Model/Bridge 01.FBX using Guid(e5261c64b0b362240b00537d11bc82be) Importer(815301076,1909f56bfc062723c751e8b465ee728b)  -> (artifact id: '04f34bc6bbfd1c17b6a5bc5a3984dce8') in 0.068318 seconds 
  Import took 0.073889 seconds .

========================================================================
Received Import Request.
  Time since last request: 0.000206 seconds.
  path: Assets/Map/Model/Waypoint FX.FBX
  artifactKey: Guid(07e7624b5f70158418996853d19b00ba) Importer(815301076,1909f56bfc062723c751e8b465ee728b)
Start importing Assets/Map/Model/Waypoint FX.FBX using Guid(07e7624b5f70158418996853d19b00ba) Importer(815301076,1909f56bfc062723c751e8b465ee728b)  -> (artifact id: 'bfad27ccd688e7922eaf21c1f5b14e77') in 0.033980 seconds 
  Import took 0.037722 seconds .

========================================================================
Received Import Request.
  Time since last request: 0.000232 seconds.
  path: Assets/Map/Model/Button Platform 01.FBX
  artifactKey: Guid(f7c7946de8294fa4887750e212a001a3) Importer(815301076,1909f56bfc062723c751e8b465ee728b)
Start importing Assets/Map/Model/Button Platform 01.FBX using Guid(f7c7946de8294fa4887750e212a001a3) Importer(815301076,1909f56bfc062723c751e8b465ee728b)  -> (artifact id: '84252f491561065a599cc9dc8bfbfed2') in 0.060403 seconds 
  Import took 0.063344 seconds .

========================================================================
Received Import Request.
  Time since last request: 0.000209 seconds.
  path: Assets/Map/Model/Waypoint 01.FBX
  artifactKey: Guid(792e22b4acf03b74db5f620ccdef7539) Importer(815301076,1909f56bfc062723c751e8b465ee728b)
Start importing Assets/Map/Model/Waypoint 01.FBX using Guid(792e22b4acf03b74db5f620ccdef7539) Importer(815301076,1909f56bfc062723c751e8b465ee728b)  -> (artifact id: 'cc2e5b017ba8fa589d464bcbe98407fb') in 0.034795 seconds 
  Import took 0.037904 seconds .

========================================================================
Received Import Request.
  Time since last request: 0.000193 seconds.
  path: Assets/Map/Model/Grass 01.FBX
  artifactKey: Guid(c2cf9f73c2c052c47baf679fa7478662) Importer(815301076,1909f56bfc062723c751e8b465ee728b)
Start importing Assets/Map/Model/Grass 01.FBX using Guid(c2cf9f73c2c052c47baf679fa7478662) Importer(815301076,1909f56bfc062723c751e8b465ee728b)  -> (artifact id: '05dbd03da8f53edc147cfdcbf937d4c6') in 0.044379 seconds 
  Import took 0.047280 seconds .

========================================================================
Received Import Request.
  Time since last request: 0.000193 seconds.
  path: Assets/Map/Model/Water 01.FBX
  artifactKey: Guid(d8be467a57b68b14583adbf3902c07d4) Importer(815301076,1909f56bfc062723c751e8b465ee728b)
Start importing Assets/Map/Model/Water 01.FBX using Guid(d8be467a57b68b14583adbf3902c07d4) Importer(815301076,1909f56bfc062723c751e8b465ee728b)  -> (artifact id: '90f7eb6d9e44ba6acd7850949aa2fccd') in 0.035346 seconds 
  Import took 0.039003 seconds .

========================================================================
Received Import Request.
  Time since last request: 0.000211 seconds.
  path: Assets/Map/Model/Trap 01.FBX
  artifactKey: Guid(833b6754a6aae0d4eb62ce233eae01c2) Importer(815301076,1909f56bfc062723c751e8b465ee728b)
Start importing Assets/Map/Model/Trap 01.FBX using Guid(833b6754a6aae0d4eb62ce233eae01c2) Importer(815301076,1909f56bfc062723c751e8b465ee728b)  -> (artifact id: '303ddc4d64af4d9fea06a90d6c682702') in 0.039733 seconds 
  Import took 0.045219 seconds .

========================================================================
Received Import Request.
  Time since last request: 0.732426 seconds.
  path: Assets/Map/Materials/Button Blue 1.mat
  artifactKey: Guid(d039561a0d242784196a9f282d2d2c08) Importer(815301076,1909f56bfc062723c751e8b465ee728b)
Start importing Assets/Map/Materials/Button Blue 1.mat using Guid(d039561a0d242784196a9f282d2d2c08) Importer(815301076,1909f56bfc062723c751e8b465ee728b)  -> (artifact id: 'c0f7601caaeaae9792a58b571a19086c') in 0.016918 seconds 
  Import took 0.019786 seconds .

========================================================================
Received Import Request.
  Time since last request: 0.000302 seconds.
  path: Assets/Map/Materials/Waypoint.mat
  artifactKey: Guid(92e53f10fc59cb84fa5a5c3696a57041) Importer(815301076,1909f56bfc062723c751e8b465ee728b)
Start importing Assets/Map/Materials/Waypoint.mat using Guid(92e53f10fc59cb84fa5a5c3696a57041) Importer(815301076,1909f56bfc062723c751e8b465ee728b)  -> (artifact id: 'd229a87ca67056b6d107df4de0af6f7e') in 0.022132 seconds 
  Import took 0.026080 seconds .

========================================================================
Received Import Request.
  Time since last request: 0.000308 seconds.
  path: Assets/Map/Materials/Button Blue.mat
  artifactKey: Guid(11f4cd7516661214090022c23b90b537) Importer(815301076,1909f56bfc062723c751e8b465ee728b)
Start importing Assets/Map/Materials/Button Blue.mat using Guid(11f4cd7516661214090022c23b90b537) Importer(815301076,1909f56bfc062723c751e8b465ee728b)  -> (artifact id: '4a79468557019a829e55a1473e5133fd') in 0.020131 seconds 
  Import took 0.023278 seconds .

========================================================================
Received Import Request.
  Time since last request: 0.000216 seconds.
  path: Assets/Map/Materials/Mega Toon Tilemap 01.mat
  artifactKey: Guid(e11820def211aac499d1bcf50c3e3f8a) Importer(815301076,1909f56bfc062723c751e8b465ee728b)
Start importing Assets/Map/Materials/Mega Toon Tilemap 01.mat using Guid(e11820def211aac499d1bcf50c3e3f8a) Importer(815301076,1909f56bfc062723c751e8b465ee728b)  -> (artifact id: '620fe37ac3beceb95a0e56275153ff9f') in 0.021666 seconds 
  Import took 0.026716 seconds .

========================================================================
Received Import Request.
  Time since last request: 0.000260 seconds.
  path: Assets/Map/Materials/FX Star.mat
  artifactKey: Guid(3841fc494b23b3f42adf71e7d6beaf94) Importer(815301076,1909f56bfc062723c751e8b465ee728b)
Start importing Assets/Map/Materials/FX Star.mat using Guid(3841fc494b23b3f42adf71e7d6beaf94) Importer(815301076,1909f56bfc062723c751e8b465ee728b)  -> (artifact id: 'cd0494b058d7192729ece93a3ff4f9a4') in 0.017782 seconds 
  Import took 0.021931 seconds .

========================================================================
Received Import Request.
  Time since last request: 7.300234 seconds.
  path: Assets/MyResources/01. Models
  artifactKey: Guid(6bc83540ed13ab644ae302b5df4023a6) Importer(815301076,1909f56bfc062723c751e8b465ee728b)
Start importing Assets/MyResources/01. Models using Guid(6bc83540ed13ab644ae302b5df4023a6) Importer(815301076,1909f56bfc062723c751e8b465ee728b)  -> (artifact id: '8749780ab66893cbeec55c5163039e5b') in 0.010754 seconds 
  Import took 0.014088 seconds .

========================================================================
Received Import Request.
  Time since last request: 9.745611 seconds.
  path: Packages/com.unity.ugui
  artifactKey: Guid(8f7652e09069a1943278893d4264401e) Importer(815301076,1909f56bfc062723c751e8b465ee728b)
Start importing Packages/com.unity.ugui using Guid(8f7652e09069a1943278893d4264401e) Importer(815301076,1909f56bfc062723c751e8b465ee728b)  -> (artifact id: '9be8eef517426cf4e5d1ef023f0f7cab') in 0.009801 seconds 
  Import took 0.014022 seconds .

========================================================================
Received Import Request.
  Time since last request: 0.072049 seconds.
  path: Packages/com.unity.ugui/package.json
  artifactKey: Guid(319b8889f363f5947acf209c17a94149) Importer(815301076,1909f56bfc062723c751e8b465ee728b)
Start importing Packages/com.unity.ugui/package.json using Guid(319b8889f363f5947acf209c17a94149) Importer(815301076,1909f56bfc062723c751e8b465ee728b)  -> (artifact id: '39d1f12f0f4420a8b9dea50868bbb5d0') in 0.023262 seconds 
  Import took 0.027740 seconds .

========================================================================
Received Import Request.
  Time since last request: 12.500299 seconds.
  path: Assets/Map/Model
  artifactKey: Guid(a01eab86f09b9c447bb81601583d474a) Importer(815301076,1909f56bfc062723c751e8b465ee728b)
Start importing Assets/Map/Model using Guid(a01eab86f09b9c447bb81601583d474a) Importer(815301076,1909f56bfc062723c751e8b465ee728b)  -> (artifact id: '800c4822dd1eb279a2934bbc274cc38d') in 0.008220 seconds 
  Import took 0.010993 seconds .

========================================================================
Received Prepare
Registering precompiled user dll's ...
Registered in 0.006046 seconds.
Begin MonoManager ReloadAssembly
Native extension for WindowsStandalone target not found
Refreshing native plugins compatible for Editor in 0.36 ms, found 2 plugins.
Preloading 0 native plugins for Editor in 0.00 ms.
Mono: successfully reloaded assembly
- Completed reload, in  1.384 seconds
Domain Reload Profiling:
	ReloadAssembly (1385ms)
		BeginReloadAssembly (148ms)
			ExecutionOrderSort (0ms)
			DisableScriptedObjects (4ms)
			BackupInstance (0ms)
			ReleaseScriptingObjects (0ms)
			CreateAndSetChildDomain (47ms)
		EndReloadAssembly (1155ms)
			LoadAssemblies (123ms)
			RebuildTransferFunctionScriptingTraits (0ms)
			SetupTypeCache (379ms)
			ReleaseScriptCaches (1ms)
			RebuildScriptCaches (66ms)
			SetupLoadedEditorAssemblies (426ms)
				LogAssemblyErrors (0ms)
				InitializePlatformSupportModulesInManaged (7ms)
				SetLoadedEditorAssemblies (0ms)
				RefreshPlugins (0ms)
				BeforeProcessingInitializeOnLoad (89ms)
				ProcessInitializeOnLoadAttributes (315ms)
				ProcessInitializeOnLoadMethodAttributes (6ms)
				AfterProcessingInitializeOnLoad (7ms)
				EditorAssembliesLoaded (0ms)
			ExecutionOrderSort2 (0ms)
			AwakeInstancesAfterBackupRestoration (9ms)
Platform modules already initialized, skipping
Refreshing native plugins compatible for Editor in 0.37 ms, found 2 plugins.
Preloading 0 native plugins for Editor in 0.00 ms.
Unloading 1391 Unused Serialized files (Serialized files now loaded: 0)
System memory in use before: 72.5 MB.
System memory in use after: 72.6 MB.

Unloading 17 unused Assets to reduce memory usage. Loaded Objects now: 1881.
Total: 3.481800 ms (FindLiveObjects: 0.169300 ms CreateObjectMapping: 0.046300 ms MarkObjects: 3.228700 ms  DeleteObjects: 0.035600 ms)

AssetImportParameters requested are different than current active one (requested -> active):
  custom:framework-win-MediaFoundation: 216162199b28c13a410421893ffa2e32 -> 
  custom:video-decoder-ogg-theora: a1e56fd34408186e4bbccfd4996cb3dc -> 
  custom:container-muxer-webm: aa71ff27fc2769a1b78a27578f13a17b -> 
  custom:container-demuxer-webm: 4f35f7cbe854078d1ac9338744f61a02 -> 
  custom:container-demuxer-ogg: 62fdf1f143b41e24485cea50d1cbac27 -> 
  custom:video-encoder-webm-vp8: eb34c28f22e8b96e1ab97ce403110664 -> 
  custom:video-decoder-webm-vp8: 9c59270c3fd7afecdb556c50c9e8de78 -> 
  custom:audio-decoder-ogg-vorbis: bf7c407c2cedff20999df2af8eb42d56 -> 
  custom:audio-encoder-webm-vorbis: bf7c407c2cedff20999df2af8eb42d56 -> 
========================================================================
Received Prepare
Registering precompiled user dll's ...
Registered in 0.004562 seconds.
Begin MonoManager ReloadAssembly
Native extension for WindowsStandalone target not found
Refreshing native plugins compatible for Editor in 0.84 ms, found 2 plugins.
Preloading 0 native plugins for Editor in 0.00 ms.
Mono: successfully reloaded assembly
- Completed reload, in  1.286 seconds
Domain Reload Profiling:
	ReloadAssembly (1286ms)
		BeginReloadAssembly (123ms)
			ExecutionOrderSort (0ms)
			DisableScriptedObjects (5ms)
			BackupInstance (0ms)
			ReleaseScriptingObjects (0ms)
			CreateAndSetChildDomain (35ms)
		EndReloadAssembly (1086ms)
			LoadAssemblies (98ms)
			RebuildTransferFunctionScriptingTraits (0ms)
			SetupTypeCache (409ms)
			ReleaseScriptCaches (1ms)
			RebuildScriptCaches (50ms)
			SetupLoadedEditorAssemblies (413ms)
				LogAssemblyErrors (0ms)
				InitializePlatformSupportModulesInManaged (5ms)
				SetLoadedEditorAssemblies (0ms)
				RefreshPlugins (1ms)
				BeforeProcessingInitializeOnLoad (85ms)
				ProcessInitializeOnLoadAttributes (308ms)
				ProcessInitializeOnLoadMethodAttributes (5ms)
				AfterProcessingInitializeOnLoad (8ms)
				EditorAssembliesLoaded (0ms)
			ExecutionOrderSort2 (0ms)
			AwakeInstancesAfterBackupRestoration (9ms)
Platform modules already initialized, skipping
Refreshing native plugins compatible for Editor in 0.43 ms, found 2 plugins.
Preloading 0 native plugins for Editor in 0.00 ms.
Unloading 1397 Unused Serialized files (Serialized files now loaded: 0)
System memory in use before: 72.7 MB.
System memory in use after: 72.8 MB.

Unloading 14 unused Assets to reduce memory usage. Loaded Objects now: 1887.
Total: 3.241500 ms (FindLiveObjects: 0.268400 ms CreateObjectMapping: 0.104100 ms MarkObjects: 2.845500 ms  DeleteObjects: 0.022100 ms)

AssetImportParameters requested are different than current active one (requested -> active):
  custom:framework-win-MediaFoundation: 216162199b28c13a410421893ffa2e32 -> 
  custom:video-decoder-ogg-theora: a1e56fd34408186e4bbccfd4996cb3dc -> 
  custom:container-muxer-webm: aa71ff27fc2769a1b78a27578f13a17b -> 
  custom:container-demuxer-webm: 4f35f7cbe854078d1ac9338744f61a02 -> 
  custom:container-demuxer-ogg: 62fdf1f143b41e24485cea50d1cbac27 -> 
  custom:video-encoder-webm-vp8: eb34c28f22e8b96e1ab97ce403110664 -> 
  custom:video-decoder-webm-vp8: 9c59270c3fd7afecdb556c50c9e8de78 -> 
  custom:audio-decoder-ogg-vorbis: bf7c407c2cedff20999df2af8eb42d56 -> 
  custom:audio-encoder-webm-vorbis: bf7c407c2cedff20999df2af8eb42d56 -> 
========================================================================
Received Import Request.
  Time since last request: 1038.649707 seconds.
  path: Assets
  artifactKey: Guid(00000000000000001000000000000000) Importer(815301076,1909f56bfc062723c751e8b465ee728b)
Start importing Assets using Guid(00000000000000001000000000000000) Importer(815301076,1909f56bfc062723c751e8b465ee728b)  -> (artifact id: '42d402b061de3733987d63b9cc3b64de') in 0.020315 seconds 
  Import took 0.025404 seconds .

========================================================================
Received Import Request.
  Time since last request: 0.003965 seconds.
  path: Assets
  artifactKey: Guid(00000000000000001000000000000000) Importer(815301076,1909f56bfc062723c751e8b465ee728b)
Start importing Assets using Guid(00000000000000001000000000000000) Importer(815301076,1909f56bfc062723c751e8b465ee728b)  -> (artifact id: '42d402b061de3733987d63b9cc3b64de') in 0.006867 seconds 
  Import took 0.014551 seconds .

========================================================================
Received Import Request.
  Time since last request: 27.762999 seconds.
  path: Assets/Map/Textures/FX Star.psd
  artifactKey: Guid(1db14921322d9064bbaf4864b7112c10) Importer(815301076,1909f56bfc062723c751e8b465ee728b)
Start importing Assets/Map/Textures/FX Star.psd using Guid(1db14921322d9064bbaf4864b7112c10) Importer(815301076,1909f56bfc062723c751e8b465ee728b)  -> (artifact id: 'ca2c4f7f4d858cf80a52189751218d34') in 0.047122 seconds 
  Import took 0.050786 seconds .

========================================================================
Received Import Request.
  Time since last request: 0.000183 seconds.
  path: Assets/Map/Textures/Mega Toon Tilemap 01.psd
  artifactKey: Guid(40f8c1e100f7fdb449a1de5dafdb3d21) Importer(815301076,1909f56bfc062723c751e8b465ee728b)
Start importing Assets/Map/Textures/Mega Toon Tilemap 01.psd using Guid(40f8c1e100f7fdb449a1de5dafdb3d21) Importer(815301076,1909f56bfc062723c751e8b465ee728b)  -> (artifact id: '12543d34ce2d573b9561d67f23df2857') in 0.013473 seconds 
  Import took 0.016607 seconds .

========================================================================
Received Import Request.
  Time since last request: 9.416937 seconds.
  path: Assets/Map/Textures/Unit_texture.tga
  artifactKey: Guid(679da4f1488ab1147b02771d73f14773) Importer(815301076,1909f56bfc062723c751e8b465ee728b)
Start importing Assets/Map/Textures/Unit_texture.tga using Guid(679da4f1488ab1147b02771d73f14773) Importer(815301076,1909f56bfc062723c751e8b465ee728b)  -> (artifact id: '907f9cddc297a4b4ddb066fd8c8ff90c') in 0.021575 seconds 
  Import took 0.024253 seconds .

========================================================================
Received Import Request.
  Time since last request: 31.819508 seconds.
  path: Assets/Map/Textures/KakaoTalk_20210831_125231932.png
  artifactKey: Guid(ada4442219800a14889eadb151cd4bb5) Importer(815301076,1909f56bfc062723c751e8b465ee728b)
Start importing Assets/Map/Textures/KakaoTalk_20210831_125231932.png using Guid(ada4442219800a14889eadb151cd4bb5) Importer(815301076,1909f56bfc062723c751e8b465ee728b)  -> (artifact id: '5145851309864f1d0c1291f38b994f51') in 0.019681 seconds 
  Import took 0.023673 seconds .

========================================================================
Received Import Request.
  Time since last request: 0.000302 seconds.
  path: Assets/Map/Textures/KakaoTalk_20210831_125814043.png
  artifactKey: Guid(f09068bd419406142aa2b0b4dc851000) Importer(815301076,1909f56bfc062723c751e8b465ee728b)
Start importing Assets/Map/Textures/KakaoTalk_20210831_125814043.png using Guid(f09068bd419406142aa2b0b4dc851000) Importer(815301076,1909f56bfc062723c751e8b465ee728b)  -> (artifact id: 'e03955c4d839b262d094f24e67bd1fdb') in 0.019578 seconds 
  Import took 0.022661 seconds .

========================================================================
Received Import Request.
  Time since last request: 0.000237 seconds.
  path: Assets/Map/Textures/KakaoTalk_20210831_130108495.png
  artifactKey: Guid(369771239f8564f41b824f75e6933376) Importer(815301076,1909f56bfc062723c751e8b465ee728b)
Start importing Assets/Map/Textures/KakaoTalk_20210831_130108495.png using Guid(369771239f8564f41b824f75e6933376) Importer(815301076,1909f56bfc062723c751e8b465ee728b)  -> (artifact id: 'c3e3b46af2c5e6b7567e61678a58edf9') in 0.021047 seconds 
  Import took 0.024294 seconds .

========================================================================
Received Import Request.
  Time since last request: 82.382208 seconds.
  path: Assets/Map/JMO Assets/Editor
  artifactKey: Guid(632cca2d5218983499321573c76c8e8a) Importer(815301076,1909f56bfc062723c751e8b465ee728b)
Start importing Assets/Map/JMO Assets/Editor using Guid(632cca2d5218983499321573c76c8e8a) Importer(815301076,1909f56bfc062723c751e8b465ee728b)  -> (artifact id: '992aad20f8220ed26ed8838a0fe9669a') in 0.014783 seconds 
  Import took 0.017755 seconds .

========================================================================
Received Import Request.
  Time since last request: 0.006010 seconds.
  path: Assets/Map/JMO Assets/Editor
  artifactKey: Guid(632cca2d5218983499321573c76c8e8a) Importer(815301076,1909f56bfc062723c751e8b465ee728b)
Start importing Assets/Map/JMO Assets/Editor using Guid(632cca2d5218983499321573c76c8e8a) Importer(815301076,1909f56bfc062723c751e8b465ee728b)  -> (artifact id: '992aad20f8220ed26ed8838a0fe9669a') in 0.003719 seconds 
  Import took 0.007758 seconds .

========================================================================
Received Import Request.
  Time since last request: 292.633122 seconds.
  path: Assets/MyResources/01. Models/Characters
  artifactKey: Guid(5a2c9924c68ae804385dee091518786a) Importer(815301076,1909f56bfc062723c751e8b465ee728b)
Start importing Assets/MyResources/01. Models/Characters using Guid(5a2c9924c68ae804385dee091518786a) Importer(815301076,1909f56bfc062723c751e8b465ee728b)  -> (artifact id: '8291b095ae18d8c1d9dcae26b86f455e') in 0.009183 seconds 
  Import took 0.014000 seconds .

========================================================================
Received Import Request.
  Time since last request: 1.049091 seconds.
  path: Assets/MyResources/01. Models/Characters/BloodCell.FBX
  artifactKey: Guid(8226672356b74174cbe023b9736222f5) Importer(815301076,1909f56bfc062723c751e8b465ee728b)
Start importing Assets/MyResources/01. Models/Characters/BloodCell.FBX using Guid(8226672356b74174cbe023b9736222f5) Importer(815301076,1909f56bfc062723c751e8b465ee728b)  -> (artifact id: '25fb6c73246f8021981321bc233c3cdf') in 0.086327 seconds 
  Import took 0.090211 seconds .

========================================================================
Received Import Request.
  Time since last request: 0.000295 seconds.
  path: Assets/MyResources/01. Models/Characters/GermSlime.FBX
  artifactKey: Guid(a148bf2bf5d309646bda1b56264c815e) Importer(815301076,1909f56bfc062723c751e8b465ee728b)
Start importing Assets/MyResources/01. Models/Characters/GermSlime.FBX using Guid(a148bf2bf5d309646bda1b56264c815e) Importer(815301076,1909f56bfc062723c751e8b465ee728b)  -> (artifact id: 'e350b93f4936ed654383abe49f99589b') in 0.257052 seconds 
  Import took 0.259838 seconds .

========================================================================
Received Import Request.
  Time since last request: 0.000183 seconds.
  path: Assets/MyResources/01. Models/Characters/GermSpike.prefab
  artifactKey: Guid(dddeda6d0629a09438dbf97ce84d81fd) Importer(815301076,1909f56bfc062723c751e8b465ee728b)
Start importing Assets/MyResources/01. Models/Characters/GermSpike.prefab using Guid(dddeda6d0629a09438dbf97ce84d81fd) Importer(815301076,1909f56bfc062723c751e8b465ee728b)  -> (artifact id: '0d486e57d748f720d406f8c0c717f365') in 0.260430 seconds 
  Import took 0.263201 seconds .

========================================================================
Received Import Request.
  Time since last request: 0.000210 seconds.
  path: Assets/MyResources/01. Models/Characters/GermSpikeModel.FBX
  artifactKey: Guid(6fd3b5c2df6073f4ea432cc9086b6f00) Importer(815301076,1909f56bfc062723c751e8b465ee728b)
Start importing Assets/MyResources/01. Models/Characters/GermSpikeModel.FBX using Guid(6fd3b5c2df6073f4ea432cc9086b6f00) Importer(815301076,1909f56bfc062723c751e8b465ee728b)  -> (artifact id: 'cdf6126a560e2576bf036c605dcf86cf') in 0.040151 seconds 
  Import took 0.042927 seconds .

========================================================================
Received Import Request.
  Time since last request: 6.682385 seconds.
  path: Assets/MyResources/01. Models/UnitMdel
  artifactKey: Guid(2171a67348f1d6146836237bca600d05) Importer(815301076,1909f56bfc062723c751e8b465ee728b)
Start importing Assets/MyResources/01. Models/UnitMdel using Guid(2171a67348f1d6146836237bca600d05) Importer(815301076,1909f56bfc062723c751e8b465ee728b)  -> (artifact id: '7492bcdf94b50a8cce96aa9d4b090eb5') in 0.011361 seconds 
  Import took 0.014977 seconds .

========================================================================
Received Import Request.
  Time since last request: 1.144523 seconds.
  path: Assets/MyResources/01. Models/UnitMdel/TT_Soldiers_Demo.FBX
  artifactKey: Guid(7b36a186c6950424394704a9292a7114) Importer(815301076,1909f56bfc062723c751e8b465ee728b)
Start importing Assets/MyResources/01. Models/UnitMdel/TT_Soldiers_Demo.FBX using Guid(7b36a186c6950424394704a9292a7114) Importer(815301076,1909f56bfc062723c751e8b465ee728b)  -> (artifact id: 'dc5292627fc3f051d67e28ed35ee57ec') in 0.087173 seconds 
  Import took 0.091146 seconds .

========================================================================
Received Import Request.
  Time since last request: 147.610237 seconds.
  path: Assets/MyResources/02. Textures/EnemyTextures
  artifactKey: Guid(6840729219228ab4880b45e06d1e3211) Importer(815301076,1909f56bfc062723c751e8b465ee728b)
Start importing Assets/MyResources/02. Textures/EnemyTextures using Guid(6840729219228ab4880b45e06d1e3211) Importer(815301076,1909f56bfc062723c751e8b465ee728b)  -> (artifact id: 'f742297af9de5272ae5bd1c15a59b743') in 0.009854 seconds 
  Import took 0.012892 seconds .

========================================================================
Received Import Request.
  Time since last request: 0.445895 seconds.
  path: Assets/MyResources/02. Textures/Characters
  artifactKey: Guid(544f57e8d268b8445baf5a0d84c0d81e) Importer(815301076,1909f56bfc062723c751e8b465ee728b)
Start importing Assets/MyResources/02. Textures/Characters using Guid(544f57e8d268b8445baf5a0d84c0d81e) Importer(815301076,1909f56bfc062723c751e8b465ee728b)  -> (artifact id: 'a0f09d48021ec41efa0a435a36835db4') in 0.002962 seconds 
  Import took 0.006636 seconds .

========================================================================
Received Import Request.
  Time since last request: 0.559737 seconds.
  path: Assets/MyResources/02. Textures/EnemyTextures/PBRSlimeAlbedo.png
  artifactKey: Guid(0f625c9ed25ed7c479d59c9a7e72177b) Importer(815301076,1909f56bfc062723c751e8b465ee728b)
Start importing Assets/MyResources/02. Textures/EnemyTextures/PBRSlimeAlbedo.png using Guid(0f625c9ed25ed7c479d59c9a7e72177b) Importer(815301076,1909f56bfc062723c751e8b465ee728b)  -> (artifact id: '05f28afbdb0506f4daf56175d8a79cd6') in 0.022466 seconds 
  Import took 0.027348 seconds .

========================================================================
Received Import Request.
  Time since last request: 0.000302 seconds.
  path: Assets/MyResources/02. Textures/EnemyTextures/PBRTurtleShellAO.png
  artifactKey: Guid(a469451b6efe62649a2ad1eaf645e7a3) Importer(815301076,1909f56bfc062723c751e8b465ee728b)
Start importing Assets/MyResources/02. Textures/EnemyTextures/PBRTurtleShellAO.png using Guid(a469451b6efe62649a2ad1eaf645e7a3) Importer(815301076,1909f56bfc062723c751e8b465ee728b)  -> (artifact id: '0482db10886428a5bbb7c1e3edd41d69') in 0.018578 seconds 
  Import took 0.021911 seconds .

========================================================================
Received Import Request.
  Time since last request: 0.000229 seconds.
  path: Assets/MyResources/02. Textures/EnemyTextures/PolyartDefaultTex.png
  artifactKey: Guid(19bb4fe4d3f7dc640907e64ce8d1865c) Importer(815301076,1909f56bfc062723c751e8b465ee728b)
Start importing Assets/MyResources/02. Textures/EnemyTextures/PolyartDefaultTex.png using Guid(19bb4fe4d3f7dc640907e64ce8d1865c) Importer(815301076,1909f56bfc062723c751e8b465ee728b)  -> (artifact id: '11cddffc26b205bd8e9d967a79fab933') in 0.017420 seconds 
  Import took 0.020553 seconds .

========================================================================
Received Import Request.
  Time since last request: 0.000222 seconds.
  path: Assets/MyResources/02. Textures/EnemyTextures/PBRSlimeAO.png
  artifactKey: Guid(ea614ba314598d14ebe9e9cdff6a47cd) Importer(815301076,1909f56bfc062723c751e8b465ee728b)
Start importing Assets/MyResources/02. Textures/EnemyTextures/PBRSlimeAO.png using Guid(ea614ba314598d14ebe9e9cdff6a47cd) Importer(815301076,1909f56bfc062723c751e8b465ee728b)  -> (artifact id: '041e6239d3ff33be36a064eac86f0936') in 0.017749 seconds 
  Import took 0.021132 seconds .

========================================================================
Received Import Request.
  Time since last request: 0.000258 seconds.
  path: Assets/MyResources/02. Textures/EnemyTextures/PBRTurtleShellNormal.png
  artifactKey: Guid(86f7e285a9594474785378ee66ed8b93) Importer(815301076,1909f56bfc062723c751e8b465ee728b)
Start importing Assets/MyResources/02. Textures/EnemyTextures/PBRTurtleShellNormal.png using Guid(86f7e285a9594474785378ee66ed8b93) Importer(815301076,1909f56bfc062723c751e8b465ee728b)  -> (artifact id: '1fc84538eb8024b472d2ea9050843047') in 0.024578 seconds 
  Import took 0.028512 seconds .

========================================================================
Received Import Request.
  Time since last request: 0.000241 seconds.
  path: Assets/MyResources/02. Textures/EnemyTextures/PBRTurtleShellMetalicSmoothness.png
  artifactKey: Guid(7976e834fdd8a3a43843322f15ca5ffe) Importer(815301076,1909f56bfc062723c751e8b465ee728b)
Start importing Assets/MyResources/02. Textures/EnemyTextures/PBRTurtleShellMetalicSmoothness.png using Guid(7976e834fdd8a3a43843322f15ca5ffe) Importer(815301076,1909f56bfc062723c751e8b465ee728b)  -> (artifact id: 'ef39fc5d806efa98657f780a3652aec1') in 0.017643 seconds 
  Import took 0.021015 seconds .

========================================================================
Received Import Request.
  Time since last request: 0.000258 seconds.
  path: Assets/MyResources/02. Textures/EnemyTextures/PBRSlimeNormal.png
  artifactKey: Guid(18abd5f4e9c11924a95611d5a0813704) Importer(815301076,1909f56bfc062723c751e8b465ee728b)
Start importing Assets/MyResources/02. Textures/EnemyTextures/PBRSlimeNormal.png using Guid(18abd5f4e9c11924a95611d5a0813704) Importer(815301076,1909f56bfc062723c751e8b465ee728b)  -> (artifact id: 'a41f1e43ae591a23b1afc3e939e66323') in 0.016749 seconds 
  Import took 0.019560 seconds .

========================================================================
Received Import Request.
  Time since last request: 0.000184 seconds.
  path: Assets/MyResources/02. Textures/EnemyTextures/PBRTurtleShellAlbedo.png
  artifactKey: Guid(8d1af929e130869459814fc6a74e0a3b) Importer(815301076,1909f56bfc062723c751e8b465ee728b)
Start importing Assets/MyResources/02. Textures/EnemyTextures/PBRTurtleShellAlbedo.png using Guid(8d1af929e130869459814fc6a74e0a3b) Importer(815301076,1909f56bfc062723c751e8b465ee728b)  -> (artifact id: '8c217d195198ae2f3ae6ae3b6450d5a3') in 0.018285 seconds 
  Import took 0.021259 seconds .

========================================================================
Received Import Request.
  Time since last request: 0.000198 seconds.
  path: Assets/MyResources/02. Textures/EnemyTextures/PBRSlimeMetallicSmoothness.png
  artifactKey: Guid(55ceae9efe5bd70448ee58c1d30bb773) Importer(815301076,1909f56bfc062723c751e8b465ee728b)
Start importing Assets/MyResources/02. Textures/EnemyTextures/PBRSlimeMetallicSmoothness.png using Guid(55ceae9efe5bd70448ee58c1d30bb773) Importer(815301076,1909f56bfc062723c751e8b465ee728b)  -> (artifact id: '640e59e7c4fd455043750b59f325997a') in 0.016394 seconds 
  Import took 0.019401 seconds .

========================================================================
Received Import Request.
  Time since last request: 3.798441 seconds.
  path: Assets/MyResources/02. Textures/Characters/BloodCell_Albedo.tif
  artifactKey: Guid(d07020da76d26d546ad285d91b7eee1f) Importer(815301076,1909f56bfc062723c751e8b465ee728b)
Start importing Assets/MyResources/02. Textures/Characters/BloodCell_Albedo.tif using Guid(d07020da76d26d546ad285d91b7eee1f) Importer(815301076,1909f56bfc062723c751e8b465ee728b)  -> (artifact id: '7ec49425a34012df0b8da7e5282f39cd') in 0.025530 seconds 
  Import took 0.030643 seconds .

========================================================================
Received Import Request.
  Time since last request: 0.000289 seconds.
  path: Assets/MyResources/02. Textures/Characters/GermBlob_Occlusion.tif
  artifactKey: Guid(23523471fd50ee84aaf086a62235b909) Importer(815301076,1909f56bfc062723c751e8b465ee728b)
Start importing Assets/MyResources/02. Textures/Characters/GermBlob_Occlusion.tif using Guid(23523471fd50ee84aaf086a62235b909) Importer(815301076,1909f56bfc062723c751e8b465ee728b)  -> (artifact id: '674d00c3c22282f5f134c10a8d04c74f') in 0.018127 seconds 
  Import took 0.021968 seconds .

========================================================================
Received Import Request.
  Time since last request: 0.000232 seconds.
  path: Assets/MyResources/02. Textures/Characters/GermBlob_MetallicSmooth.tif
  artifactKey: Guid(dc22c1732fb76a44dbb1822c854f4f07) Importer(815301076,1909f56bfc062723c751e8b465ee728b)
Start importing Assets/MyResources/02. Textures/Characters/GermBlob_MetallicSmooth.tif using Guid(dc22c1732fb76a44dbb1822c854f4f07) Importer(815301076,1909f56bfc062723c751e8b465ee728b)  -> (artifact id: '0eaae0b52fe4286281a2a08c860af83e') in 0.018845 seconds 
  Import took 0.022013 seconds .

========================================================================
Received Import Request.
  Time since last request: 0.000199 seconds.
  path: Assets/MyResources/02. Textures/Characters/GermBlob_Normal.tif
  artifactKey: Guid(3e935037812fba547b3b9ec3259752d7) Importer(815301076,1909f56bfc062723c751e8b465ee728b)
Start importing Assets/MyResources/02. Textures/Characters/GermBlob_Normal.tif using Guid(3e935037812fba547b3b9ec3259752d7) Importer(815301076,1909f56bfc062723c751e8b465ee728b)  -> (artifact id: 'aa2ce24a52fd74688f841e92b30b00ee') in 0.020971 seconds 
  Import took 0.024904 seconds .

========================================================================
Received Import Request.
  Time since last request: 0.000245 seconds.
  path: Assets/MyResources/02. Textures/Characters/GermSpike_Normal.tif
  artifactKey: Guid(d4919e8209be8c34a8ddb538ef17e69c) Importer(815301076,1909f56bfc062723c751e8b465ee728b)
Start importing Assets/MyResources/02. Textures/Characters/GermSpike_Normal.tif using Guid(d4919e8209be8c34a8ddb538ef17e69c) Importer(815301076,1909f56bfc062723c751e8b465ee728b)  -> (artifact id: '25f4d4fcf12eced3f2b307fbfa44bf1e') in 0.022308 seconds 
  Import took 0.025387 seconds .

========================================================================
Received Import Request.
  Time since last request: 0.000231 seconds.
  path: Assets/MyResources/02. Textures/Characters/GermSpike_Occlusion.tif
  artifactKey: Guid(0f056cadcb4464e4f8f783ab9730fc79) Importer(815301076,1909f56bfc062723c751e8b465ee728b)
Start importing Assets/MyResources/02. Textures/Characters/GermSpike_Occlusion.tif using Guid(0f056cadcb4464e4f8f783ab9730fc79) Importer(815301076,1909f56bfc062723c751e8b465ee728b)  -> (artifact id: '5e3bd4b88abac9cf77676cf7e12972c0') in 0.021402 seconds 
  Import took 0.025254 seconds .

========================================================================
Received Import Request.
  Time since last request: 0.000183 seconds.
  path: Assets/MyResources/02. Textures/Characters/GermBlob_Albedo.tif
  artifactKey: Guid(f73705e15da9a3f40b40cd0fbfd10c24) Importer(815301076,1909f56bfc062723c751e8b465ee728b)
Start importing Assets/MyResources/02. Textures/Characters/GermBlob_Albedo.tif using Guid(f73705e15da9a3f40b40cd0fbfd10c24) Importer(815301076,1909f56bfc062723c751e8b465ee728b)  -> (artifact id: 'afc778b68d9e6074f4eef1e0f2b1c306') in 0.021267 seconds 
  Import took 0.023915 seconds .

========================================================================
Received Import Request.
  Time since last request: 0.000217 seconds.
  path: Assets/MyResources/02. Textures/Characters/GermSpike_Albedo.tif
  artifactKey: Guid(19221384192bd5b448f8e46042dbc727) Importer(815301076,1909f56bfc062723c751e8b465ee728b)
Start importing Assets/MyResources/02. Textures/Characters/GermSpike_Albedo.tif using Guid(19221384192bd5b448f8e46042dbc727) Importer(815301076,1909f56bfc062723c751e8b465ee728b)  -> (artifact id: '03151d9155744f915f95ac0b58423b83') in 0.017196 seconds 
  Import took 0.020998 seconds .

========================================================================
Received Import Request.
  Time since last request: 10.412911 seconds.
  path: Assets/MyResources/03. Materials/UnitMaterials
  artifactKey: Guid(4918428999fa3b643b9cab147af5f4dd) Importer(815301076,1909f56bfc062723c751e8b465ee728b)
Start importing Assets/MyResources/03. Materials/UnitMaterials using Guid(4918428999fa3b643b9cab147af5f4dd) Importer(815301076,1909f56bfc062723c751e8b465ee728b)  -> (artifact id: 'f40619daf28f3538099f87895c05f723') in 0.008303 seconds 
  Import took 0.010967 seconds .

========================================================================
Received Import Request.
  Time since last request: 0.359491 seconds.
  path: Assets/MyResources/03. Materials/UnitMaterials/TTS_Demo_material.mat
  artifactKey: Guid(567681dbfb9f1994584c4a77df698d79) Importer(815301076,1909f56bfc062723c751e8b465ee728b)
Start importing Assets/MyResources/03. Materials/UnitMaterials/TTS_Demo_material.mat using Guid(567681dbfb9f1994584c4a77df698d79) Importer(815301076,1909f56bfc062723c751e8b465ee728b)  -> (artifact id: '2d511392b32b22eeeddf9dc2625a257a') in 0.035873 seconds 
  Import took 0.043390 seconds .

========================================================================
Received Import Request.
  Time since last request: 1.379626 seconds.
  path: Assets/MyResources/03. Materials/EnemyMaterials/PolyartDefault.mat
  artifactKey: Guid(507d4aa237c275a48b72e5772879be66) Importer(815301076,1909f56bfc062723c751e8b465ee728b)
Start importing Assets/MyResources/03. Materials/EnemyMaterials/PolyartDefault.mat using Guid(507d4aa237c275a48b72e5772879be66) Importer(815301076,1909f56bfc062723c751e8b465ee728b)  -> (artifact id: '5a9cd898d8cab13042cee1b53f308400') in 0.015682 seconds 
  Import took 0.018588 seconds .

========================================================================
Received Import Request.
  Time since last request: 0.000305 seconds.
  path: Assets/MyResources/03. Materials/EnemyMaterials/TurtleShellPBR.mat
  artifactKey: Guid(b3ad386aba28716448079dcf67d7aede) Importer(815301076,1909f56bfc062723c751e8b465ee728b)
Start importing Assets/MyResources/03. Materials/EnemyMaterials/TurtleShellPBR.mat using Guid(b3ad386aba28716448079dcf67d7aede) Importer(815301076,1909f56bfc062723c751e8b465ee728b)  -> (artifact id: '723af3c2b3e9fdf08cfe6e80fd870d2f') in 0.023543 seconds 
  Import took 0.026905 seconds .

========================================================================
Received Import Request.
  Time since last request: 0.000285 seconds.
  path: Assets/MyResources/03. Materials/EnemyMaterials/Stage.mat
  artifactKey: Guid(19f8a934c4d1c2b47b1d094b83f39fb0) Importer(815301076,1909f56bfc062723c751e8b465ee728b)
Start importing Assets/MyResources/03. Materials/EnemyMaterials/Stage.mat using Guid(19f8a934c4d1c2b47b1d094b83f39fb0) Importer(815301076,1909f56bfc062723c751e8b465ee728b)  -> (artifact id: '401e1b2a5aabb7cea2ecc4923b8e49be') in 0.271590 seconds 
  Import took 0.274487 seconds .

========================================================================
Received Import Request.
  Time since last request: 0.000210 seconds.
  path: Assets/MyResources/03. Materials/EnemyMaterials/Skybox_Mat.mat
  artifactKey: Guid(97f1fc767078c904184a5800339690a2) Importer(815301076,1909f56bfc062723c751e8b465ee728b)
Start importing Assets/MyResources/03. Materials/EnemyMaterials/Skybox_Mat.mat using Guid(97f1fc767078c904184a5800339690a2) Importer(815301076,1909f56bfc062723c751e8b465ee728b)  -> (artifact id: '97fcdcb554add831a2e5e1dd8253617c') in 0.114192 seconds 
  Import took 0.116746 seconds .

========================================================================
Received Import Request.
  Time since last request: 0.000226 seconds.
  path: Assets/MyResources/03. Materials/EnemyMaterials/SlimePBR.mat
  artifactKey: Guid(d357a802e5ef4d44d829d89dfb1a341c) Importer(815301076,1909f56bfc062723c751e8b465ee728b)
Start importing Assets/MyResources/03. Materials/EnemyMaterials/SlimePBR.mat using Guid(d357a802e5ef4d44d829d89dfb1a341c) Importer(815301076,1909f56bfc062723c751e8b465ee728b)  -> (artifact id: '0661990e6c56164a5d1f45e168788961') in 0.021199 seconds 
  Import took 0.023867 seconds .

========================================================================
Received Import Request.
  Time since last request: 0.934935 seconds.
  path: Assets/MyResources/03. Materials/Characters/Bloodcell.mat
  artifactKey: Guid(c4a9819ff4c59a74ca60bbbb70426d6f) Importer(815301076,1909f56bfc062723c751e8b465ee728b)
Start importing Assets/MyResources/03. Materials/Characters/Bloodcell.mat using Guid(c4a9819ff4c59a74ca60bbbb70426d6f) Importer(815301076,1909f56bfc062723c751e8b465ee728b)  -> (artifact id: '5ddeeeb06fc42f85d0b6756b30a3ecfe') in 0.016089 seconds 
  Import took 0.019388 seconds .

========================================================================
Received Import Request.
  Time since last request: 0.000313 seconds.
  path: Assets/MyResources/03. Materials/Characters/GermBlob.mat
  artifactKey: Guid(0a5bb9ddaf3c24145b0de29bf259ca21) Importer(815301076,1909f56bfc062723c751e8b465ee728b)
Start importing Assets/MyResources/03. Materials/Characters/GermBlob.mat using Guid(0a5bb9ddaf3c24145b0de29bf259ca21) Importer(815301076,1909f56bfc062723c751e8b465ee728b)  -> (artifact id: '00c317cec825f21bf842f287117a36a7') in 0.021119 seconds 
  Import took 0.023976 seconds .

========================================================================
Received Import Request.
  Time since last request: 0.000420 seconds.
  path: Assets/MyResources/03. Materials/Characters/GermSpike.mat
  artifactKey: Guid(82c7116cf05a3a549a299deb4a65986e) Importer(815301076,1909f56bfc062723c751e8b465ee728b)
Start importing Assets/MyResources/03. Materials/Characters/GermSpike.mat using Guid(82c7116cf05a3a549a299deb4a65986e) Importer(815301076,1909f56bfc062723c751e8b465ee728b)  -> (artifact id: 'e8caedf042c18b55cb3326e3cacf9c0a') in 0.021289 seconds 
  Import took 0.025043 seconds .

========================================================================
Received Import Request.
  Time since last request: 2.999431 seconds.
  path: Assets/MyResources/04. Animations/EnemyAnimations
  artifactKey: Guid(389170da8f2a7b54fab118388ba480a6) Importer(815301076,1909f56bfc062723c751e8b465ee728b)
Start importing Assets/MyResources/04. Animations/EnemyAnimations using Guid(389170da8f2a7b54fab118388ba480a6) Importer(815301076,1909f56bfc062723c751e8b465ee728b)  -> (artifact id: 'af642be8ecf708bb2078410da40f0ba9') in 0.008287 seconds 
  Import took 0.011198 seconds .

========================================================================
Received Import Request.
  Time since last request: 0.584755 seconds.
  path: Assets/MyResources/04. Animations/EnemyAnimations/Slime
  artifactKey: Guid(10e0c415a9ecedd49a3d4d5e29395d96) Importer(815301076,1909f56bfc062723c751e8b465ee728b)
Start importing Assets/MyResources/04. Animations/EnemyAnimations/Slime using Guid(10e0c415a9ecedd49a3d4d5e29395d96) Importer(815301076,1909f56bfc062723c751e8b465ee728b)  -> (artifact id: 'd8be84f23fef51677e5a063da943e3d0') in 0.008335 seconds 
  Import took 0.010837 seconds .

========================================================================
Received Import Request.
  Time since last request: 0.307752 seconds.
  path: Assets/MyResources/04. Animations/EnemyAnimations/Slime/Attack01_Slime_Anim.fbx
  artifactKey: Guid(438236b1bb4dc03468cb3f2d12fa922c) Importer(815301076,1909f56bfc062723c751e8b465ee728b)
Start importing Assets/MyResources/04. Animations/EnemyAnimations/Slime/Attack01_Slime_Anim.fbx using Guid(438236b1bb4dc03468cb3f2d12fa922c) Importer(815301076,1909f56bfc062723c751e8b465ee728b)  -> (artifact id: '53955414a8dbd9e955d45e199d80d8ac') in 0.047491 seconds 
  Import took 0.051000 seconds .

========================================================================
Received Import Request.
  Time since last request: 0.000269 seconds.
  path: Assets/MyResources/04. Animations/EnemyAnimations/Slime/WalkLeft_Slime_Anim.fbx
  artifactKey: Guid(89d2cadc7addca64c8849fb4c8d0928d) Importer(815301076,1909f56bfc062723c751e8b465ee728b)
Start importing Assets/MyResources/04. Animations/EnemyAnimations/Slime/WalkLeft_Slime_Anim.fbx using Guid(89d2cadc7addca64c8849fb4c8d0928d) Importer(815301076,1909f56bfc062723c751e8b465ee728b)  -> (artifact id: 'b43a17a225270a81c79f896fbd24734d') in 0.035271 seconds 
  Import took 0.037960 seconds .

========================================================================
Received Import Request.
  Time since last request: 0.000289 seconds.
  path: Assets/MyResources/04. Animations/EnemyAnimations/Slime/Walk_Slime_Anim.fbx
  artifactKey: Guid(f5d4d1a7dadc5a84d910c492d947ca4f) Importer(815301076,1909f56bfc062723c751e8b465ee728b)
Start importing Assets/MyResources/04. Animations/EnemyAnimations/Slime/Walk_Slime_Anim.fbx using Guid(f5d4d1a7dadc5a84d910c492d947ca4f) Importer(815301076,1909f56bfc062723c751e8b465ee728b)  -> (artifact id: '3aa5129f67c87a4b2654746627f3613a') in 0.034700 seconds 
  Import took 0.037848 seconds .

========================================================================
Received Import Request.
  Time since last request: 0.000249 seconds.
  path: Assets/MyResources/04. Animations/EnemyAnimations/Slime/IdleNormal_Slime_Anim.fbx
  artifactKey: Guid(21b5bb1519e484148aa30042c43904c0) Importer(815301076,1909f56bfc062723c751e8b465ee728b)
Start importing Assets/MyResources/04. Animations/EnemyAnimations/Slime/IdleNormal_Slime_Anim.fbx using Guid(21b5bb1519e484148aa30042c43904c0) Importer(815301076,1909f56bfc062723c751e8b465ee728b)  -> (artifact id: '26c9f3748197b8ed4e9760c5fcaff92e') in 0.033063 seconds 
  Import took 0.036197 seconds .

========================================================================
Received Import Request.
  Time since last request: 0.000215 seconds.
  path: Assets/MyResources/04. Animations/EnemyAnimations/Slime/Run_Slime_Anim.fbx
  artifactKey: Guid(dbf4e442d523220489ca9531ab20161f) Importer(815301076,1909f56bfc062723c751e8b465ee728b)
Start importing Assets/MyResources/04. Animations/EnemyAnimations/Slime/Run_Slime_Anim.fbx using Guid(dbf4e442d523220489ca9531ab20161f) Importer(815301076,1909f56bfc062723c751e8b465ee728b)  -> (artifact id: '98033e5009cf72e8d39a49f4d71da48d') in 0.031986 seconds 
  Import took 0.034465 seconds .

========================================================================
Received Import Request.
  Time since last request: 0.000195 seconds.
  path: Assets/MyResources/04. Animations/EnemyAnimations/Slime/SenseSomethingStart_Slime_Anim.fbx
  artifactKey: Guid(81c4fe76ddb8c314087afd9c59b831b3) Importer(815301076,1909f56bfc062723c751e8b465ee728b)
Start importing Assets/MyResources/04. Animations/EnemyAnimations/Slime/SenseSomethingStart_Slime_Anim.fbx using Guid(81c4fe76ddb8c314087afd9c59b831b3) Importer(815301076,1909f56bfc062723c751e8b465ee728b)  -> (artifact id: '3d1cc984671e36c79b32d25b7e8654b2') in 0.033032 seconds 
  Import took 0.035989 seconds .

========================================================================
Received Import Request.
  Time since last request: 0.000191 seconds.
  path: Assets/MyResources/04. Animations/EnemyAnimations/Slime/SenseSomethingRoutine_Slime_Anim.fbx
  artifactKey: Guid(7598b72533d77114287ffbe12e3f9178) Importer(815301076,1909f56bfc062723c751e8b465ee728b)
Start importing Assets/MyResources/04. Animations/EnemyAnimations/Slime/SenseSomethingRoutine_Slime_Anim.fbx using Guid(7598b72533d77114287ffbe12e3f9178) Importer(815301076,1909f56bfc062723c751e8b465ee728b)  -> (artifact id: 'f9efeed333a67dcd07a062e199987a40') in 0.032922 seconds 
  Import took 0.035585 seconds .

========================================================================
Received Import Request.
  Time since last request: 0.000215 seconds.
  path: Assets/MyResources/04. Animations/EnemyAnimations/Slime/GetHit_Slime_Anim.fbx
  artifactKey: Guid(a4dd2805a4cbc5b428b746ff8cf375c4) Importer(815301076,1909f56bfc062723c751e8b465ee728b)
Start importing Assets/MyResources/04. Animations/EnemyAnimations/Slime/GetHit_Slime_Anim.fbx using Guid(a4dd2805a4cbc5b428b746ff8cf375c4) Importer(815301076,1909f56bfc062723c751e8b465ee728b)  -> (artifact id: 'c94670ee296b58124c0d9153b73ae033') in 0.032721 seconds 
  Import took 0.035630 seconds .

========================================================================
Received Import Request.
  Time since last request: 0.000204 seconds.
  path: Assets/MyResources/04. Animations/EnemyAnimations/Slime/WalkRight_Slime_Anim.fbx
  artifactKey: Guid(e701e62680e5836438f67a3da2bdc71e) Importer(815301076,1909f56bfc062723c751e8b465ee728b)
Start importing Assets/MyResources/04. Animations/EnemyAnimations/Slime/WalkRight_Slime_Anim.fbx using Guid(e701e62680e5836438f67a3da2bdc71e) Importer(815301076,1909f56bfc062723c751e8b465ee728b)  -> (artifact id: 'e9a0524c1d7225be681dc11265bdc023') in 0.031559 seconds 
  Import took 0.034698 seconds .

========================================================================
Received Import Request.
  Time since last request: 0.000248 seconds.
  path: Assets/MyResources/04. Animations/EnemyAnimations/Slime/IdleBattle_Slime_Anim.fbx
  artifactKey: Guid(2bfd6fdaf6b23874ca93fca2e578b931) Importer(815301076,1909f56bfc062723c751e8b465ee728b)
Start importing Assets/MyResources/04. Animations/EnemyAnimations/Slime/IdleBattle_Slime_Anim.fbx using Guid(2bfd6fdaf6b23874ca93fca2e578b931) Importer(815301076,1909f56bfc062723c751e8b465ee728b)  -> (artifact id: 'd52401ed51a31339673f1fd504b35646') in 0.032455 seconds 
  Import took 0.035854 seconds .

========================================================================
Received Import Request.
  Time since last request: 0.000212 seconds.
  path: Assets/MyResources/04. Animations/EnemyAnimations/Slime/Attack02_Slime_Anim.fbx
  artifactKey: Guid(8254c95c1caa1da4cb1d22972c413dad) Importer(815301076,1909f56bfc062723c751e8b465ee728b)
Start importing Assets/MyResources/04. Animations/EnemyAnimations/Slime/Attack02_Slime_Anim.fbx using Guid(8254c95c1caa1da4cb1d22972c413dad) Importer(815301076,1909f56bfc062723c751e8b465ee728b)  -> (artifact id: 'ef8ff85227b9197307782b3bc51f3e25') in 0.033468 seconds 
  Import took 0.038504 seconds .

========================================================================
Received Import Request.
  Time since last request: 0.000212 seconds.
  path: Assets/MyResources/04. Animations/EnemyAnimations/Slime/WalkBack_Slime_Anim.fbx
  artifactKey: Guid(34094b5c4dd5cd9438870be57749bf79) Importer(815301076,1909f56bfc062723c751e8b465ee728b)
Start importing Assets/MyResources/04. Animations/EnemyAnimations/Slime/WalkBack_Slime_Anim.fbx using Guid(34094b5c4dd5cd9438870be57749bf79) Importer(815301076,1909f56bfc062723c751e8b465ee728b)  -> (artifact id: '9bb0781b158c8824065fdca3f93690c6') in 0.033255 seconds 
  Import took 0.036614 seconds .

========================================================================
Received Import Request.
  Time since last request: 0.000222 seconds.
  path: Assets/MyResources/04. Animations/EnemyAnimations/Slime/Taunt_Slime_Anim.fbx
  artifactKey: Guid(4633f9c0f50bbb548a176fd4c0f5a0b9) Importer(815301076,1909f56bfc062723c751e8b465ee728b)
Start importing Assets/MyResources/04. Animations/EnemyAnimations/Slime/Taunt_Slime_Anim.fbx using Guid(4633f9c0f50bbb548a176fd4c0f5a0b9) Importer(815301076,1909f56bfc062723c751e8b465ee728b)  -> (artifact id: '82eac0979f82c5b8d74e7134ed680e4d') in 0.030791 seconds 
  Import took 0.035624 seconds .

========================================================================
Received Import Request.
  Time since last request: 0.000219 seconds.
  path: Assets/MyResources/04. Animations/EnemyAnimations/Slime/Victory_Slime_Anim.fbx
  artifactKey: Guid(6f262ec4363c1e54baf17c27c26b0bc7) Importer(815301076,1909f56bfc062723c751e8b465ee728b)
Start importing Assets/MyResources/04. Animations/EnemyAnimations/Slime/Victory_Slime_Anim.fbx using Guid(6f262ec4363c1e54baf17c27c26b0bc7) Importer(815301076,1909f56bfc062723c751e8b465ee728b)  -> (artifact id: '15aa194b93f0daec9de04186dcb766d5') in 0.030969 seconds 
  Import took 0.034060 seconds .

========================================================================
Received Import Request.
  Time since last request: 0.000286 seconds.
  path: Assets/MyResources/04. Animations/EnemyAnimations/Slime/Dizzy_Slime_Anim.fbx
  artifactKey: Guid(08a0ee10a8d761e41bf8bc9b832040d1) Importer(815301076,1909f56bfc062723c751e8b465ee728b)
Start importing Assets/MyResources/04. Animations/EnemyAnimations/Slime/Dizzy_Slime_Anim.fbx using Guid(08a0ee10a8d761e41bf8bc9b832040d1) Importer(815301076,1909f56bfc062723c751e8b465ee728b)  -> (artifact id: '1d039c7f642ccd0a681420e5b6bee8f7') in 0.030895 seconds 
  Import took 0.034225 seconds .

========================================================================
Received Import Request.
  Time since last request: 0.000214 seconds.
  path: Assets/MyResources/04. Animations/EnemyAnimations/Slime/Die_Slime_Anim.fbx
  artifactKey: Guid(f76b9b823f2fc9a469d0c2c780514380) Importer(815301076,1909f56bfc062723c751e8b465ee728b)
Start importing Assets/MyResources/04. Animations/EnemyAnimations/Slime/Die_Slime_Anim.fbx using Guid(f76b9b823f2fc9a469d0c2c780514380) Importer(815301076,1909f56bfc062723c751e8b465ee728b)  -> (artifact id: '70838cf77c8346da0f5b761a2295d4ff') in 0.031696 seconds 
  Import took 0.034802 seconds .

========================================================================
Received Import Request.
  Time since last request: 1.353759 seconds.
  path: Assets/MyResources/04. Animations/EnemyAnimations/TurtleShell/Attack01_TurtleShell_Anim.fbx
  artifactKey: Guid(18d0edd1f2ba4444d9ba9bdf01f251d4) Importer(815301076,1909f56bfc062723c751e8b465ee728b)
Start importing Assets/MyResources/04. Animations/EnemyAnimations/TurtleShell/Attack01_TurtleShell_Anim.fbx using Guid(18d0edd1f2ba4444d9ba9bdf01f251d4) Importer(815301076,1909f56bfc062723c751e8b465ee728b)  -> (artifact id: '89c9f20c57bf0a1d1324acc36f4fdf0b') in 0.028029 seconds 
  Import took 0.031226 seconds .

========================================================================
Received Import Request.
  Time since last request: 0.000293 seconds.
  path: Assets/MyResources/04. Animations/EnemyAnimations/TurtleShell/DefendHit_TurtleShell_Anim.fbx
  artifactKey: Guid(2c6157875a0088f46bb6a78179983ab2) Importer(815301076,1909f56bfc062723c751e8b465ee728b)
Start importing Assets/MyResources/04. Animations/EnemyAnimations/TurtleShell/DefendHit_TurtleShell_Anim.fbx using Guid(2c6157875a0088f46bb6a78179983ab2) Importer(815301076,1909f56bfc062723c751e8b465ee728b)  -> (artifact id: 'f970ac2e90eaf69342a26032716c78a7') in 0.032696 seconds 
  Import took 0.035246 seconds .

========================================================================
Received Import Request.
  Time since last request: 0.000254 seconds.
  path: Assets/MyResources/04. Animations/EnemyAnimations/TurtleShell/GetHit_TurtleShell_Anim.fbx
  artifactKey: Guid(b374e22ebb027494eaf0e15709666b60) Importer(815301076,1909f56bfc062723c751e8b465ee728b)
Start importing Assets/MyResources/04. Animations/EnemyAnimations/TurtleShell/GetHit_TurtleShell_Anim.fbx using Guid(b374e22ebb027494eaf0e15709666b60) Importer(815301076,1909f56bfc062723c751e8b465ee728b)  -> (artifact id: '36ee70b5306d771a9bee13e3e6975123') in 0.033376 seconds 
  Import took 0.036329 seconds .

========================================================================
Received Import Request.
  Time since last request: 0.000258 seconds.
  path: Assets/MyResources/04. Animations/EnemyAnimations/TurtleShell/IdleNormal_TurtleShell_Anim.fbx
  artifactKey: Guid(1b1e02561fcbcf64c82b7c02dfb9f53b) Importer(815301076,1909f56bfc062723c751e8b465ee728b)
Start importing Assets/MyResources/04. Animations/EnemyAnimations/TurtleShell/IdleNormal_TurtleShell_Anim.fbx using Guid(1b1e02561fcbcf64c82b7c02dfb9f53b) Importer(815301076,1909f56bfc062723c751e8b465ee728b)  -> (artifact id: 'c23abd43f07bda35de99d8e87df098a9') in 0.032296 seconds 
  Import took 0.035042 seconds .

========================================================================
Received Import Request.
  Time since last request: 0.000241 seconds.
  path: Assets/MyResources/04. Animations/EnemyAnimations/TurtleShell/Dizzy_TurtleShell_Anim.fbx
  artifactKey: Guid(b8e1da2ff6963da4b8483eeae18b60a5) Importer(815301076,1909f56bfc062723c751e8b465ee728b)
Start importing Assets/MyResources/04. Animations/EnemyAnimations/TurtleShell/Dizzy_TurtleShell_Anim.fbx using Guid(b8e1da2ff6963da4b8483eeae18b60a5) Importer(815301076,1909f56bfc062723c751e8b465ee728b)  -> (artifact id: '02db7466c4ea9d4096a897cc6e63caca') in 0.030116 seconds 
  Import took 0.033427 seconds .

========================================================================
Received Import Request.
  Time since last request: 0.000228 seconds.
  path: Assets/MyResources/04. Animations/EnemyAnimations/TurtleShell/WalkBack_TurtleShell_Anim.fbx
  artifactKey: Guid(4067e520934750d4c9e5f7fab9cf487f) Importer(815301076,1909f56bfc062723c751e8b465ee728b)
Start importing Assets/MyResources/04. Animations/EnemyAnimations/TurtleShell/WalkBack_TurtleShell_Anim.fbx using Guid(4067e520934750d4c9e5f7fab9cf487f) Importer(815301076,1909f56bfc062723c751e8b465ee728b)  -> (artifact id: 'edd5f01cddd77c5547b49e1e4d457e06') in 0.031355 seconds 
  Import took 0.035040 seconds .

========================================================================
Received Import Request.
  Time since last request: 0.000249 seconds.
  path: Assets/MyResources/04. Animations/EnemyAnimations/TurtleShell/IdleBattle_TurtleShell_Anim.fbx
  artifactKey: Guid(e599599913457404aa360071350dd7c4) Importer(815301076,1909f56bfc062723c751e8b465ee728b)
Start importing Assets/MyResources/04. Animations/EnemyAnimations/TurtleShell/IdleBattle_TurtleShell_Anim.fbx using Guid(e599599913457404aa360071350dd7c4) Importer(815301076,1909f56bfc062723c751e8b465ee728b)  -> (artifact id: 'f9f2be2d18fb642fb3717f7bb0c8cbd1') in 0.033371 seconds 
  Import took 0.036697 seconds .

========================================================================
Received Import Request.
  Time since last request: 0.000236 seconds.
  path: Assets/MyResources/04. Animations/EnemyAnimations/TurtleShell/WalkRight_TurtleShell_Anim.fbx
  artifactKey: Guid(66870af258a3ce344ae956c530df9b4d) Importer(815301076,1909f56bfc062723c751e8b465ee728b)
Start importing Assets/MyResources/04. Animations/EnemyAnimations/TurtleShell/WalkRight_TurtleShell_Anim.fbx using Guid(66870af258a3ce344ae956c530df9b4d) Importer(815301076,1909f56bfc062723c751e8b465ee728b)  -> (artifact id: 'bb800844c0ad7ee108affbcf5d8cb697') in 0.029937 seconds 
  Import took 0.033660 seconds .

========================================================================
Received Import Request.
  Time since last request: 0.000209 seconds.
  path: Assets/MyResources/04. Animations/EnemyAnimations/TurtleShell/SenseSomethingRT_TurtleShell_Anim.fbx
  artifactKey: Guid(ddc2a58dd3a46bc4aae83f0b6792d4ee) Importer(815301076,1909f56bfc062723c751e8b465ee728b)
Start importing Assets/MyResources/04. Animations/EnemyAnimations/TurtleShell/SenseSomethingRT_TurtleShell_Anim.fbx using Guid(ddc2a58dd3a46bc4aae83f0b6792d4ee) Importer(815301076,1909f56bfc062723c751e8b465ee728b)  -> (artifact id: '3a091bf3bd9557c129da22b767d38bdd') in 0.032325 seconds 
  Import took 0.035930 seconds .

========================================================================
Received Import Request.
  Time since last request: 0.000212 seconds.
  path: Assets/MyResources/04. Animations/EnemyAnimations/TurtleShell/Attack02_TurtleShell_Anim.fbx
  artifactKey: Guid(24d275f677a39b245a5e175f24e345a0) Importer(815301076,1909f56bfc062723c751e8b465ee728b)
Start importing Assets/MyResources/04. Animations/EnemyAnimations/TurtleShell/Attack02_TurtleShell_Anim.fbx using Guid(24d275f677a39b245a5e175f24e345a0) Importer(815301076,1909f56bfc062723c751e8b465ee728b)  -> (artifact id: '6df929dc725289973280cb28f519c5f0') in 0.032437 seconds 
  Import took 0.036722 seconds .

========================================================================
Received Import Request.
  Time since last request: 0.000235 seconds.
  path: Assets/MyResources/04. Animations/EnemyAnimations/TurtleShell/SenseSomethingStart_TurtleShell_Anim.fbx
  artifactKey: Guid(a6c28cf5fd46b9045a05f90be02cf2bd) Importer(815301076,1909f56bfc062723c751e8b465ee728b)
Start importing Assets/MyResources/04. Animations/EnemyAnimations/TurtleShell/SenseSomethingStart_TurtleShell_Anim.fbx using Guid(a6c28cf5fd46b9045a05f90be02cf2bd) Importer(815301076,1909f56bfc062723c751e8b465ee728b)  -> (artifact id: '16cfca4db8721242c7946e301ea96c97') in 0.030901 seconds 
  Import took 0.033866 seconds .

========================================================================
Received Import Request.
  Time since last request: 0.000238 seconds.
  path: Assets/MyResources/04. Animations/EnemyAnimations/TurtleShell/Taunt_TurtleShell_Anim.fbx
  artifactKey: Guid(4bb50d0b13219844eb0abbbf1c15724d) Importer(815301076,1909f56bfc062723c751e8b465ee728b)
Start importing Assets/MyResources/04. Animations/EnemyAnimations/TurtleShell/Taunt_TurtleShell_Anim.fbx using Guid(4bb50d0b13219844eb0abbbf1c15724d) Importer(815301076,1909f56bfc062723c751e8b465ee728b)  -> (artifact id: '9f8e9d54d648c1a5eb36784b85548fa0') in 0.033500 seconds 
  Import took 0.037421 seconds .

========================================================================
Received Import Request.
  Time since last request: 0.000199 seconds.
  path: Assets/MyResources/04. Animations/EnemyAnimations/TurtleShell/WalkLeft_TurtleShell_Anim.fbx
  artifactKey: Guid(8f9acbd44d63a84468cb5164f7f9a057) Importer(815301076,1909f56bfc062723c751e8b465ee728b)
Start importing Assets/MyResources/04. Animations/EnemyAnimations/TurtleShell/WalkLeft_TurtleShell_Anim.fbx using Guid(8f9acbd44d63a84468cb5164f7f9a057) Importer(815301076,1909f56bfc062723c751e8b465ee728b)  -> (artifact id: 'cd92555b3698e68f4b90a36f8bda2b86') in 0.033082 seconds 
  Import took 0.036257 seconds .

========================================================================
Received Import Request.
  Time since last request: 0.000197 seconds.
  path: Assets/MyResources/04. Animations/EnemyAnimations/TurtleShell/Die_TurtleShell_Anim.fbx
  artifactKey: Guid(d57bb9f35b232f546851ae283a6a4310) Importer(815301076,1909f56bfc062723c751e8b465ee728b)
Start importing Assets/MyResources/04. Animations/EnemyAnimations/TurtleShell/Die_TurtleShell_Anim.fbx using Guid(d57bb9f35b232f546851ae283a6a4310) Importer(815301076,1909f56bfc062723c751e8b465ee728b)  -> (artifact id: 'a6fe3d8d90d96824341c8b4482c62bca') in 0.035910 seconds 
  Import took 0.039232 seconds .

========================================================================
Received Import Request.
  Time since last request: 0.000196 seconds.
  path: Assets/MyResources/04. Animations/EnemyAnimations/TurtleShell/Walk_TurtleShell_Anim.fbx
  artifactKey: Guid(769c6c4d31c2dad48b0664b47847f7e1) Importer(815301076,1909f56bfc062723c751e8b465ee728b)
Start importing Assets/MyResources/04. Animations/EnemyAnimations/TurtleShell/Walk_TurtleShell_Anim.fbx using Guid(769c6c4d31c2dad48b0664b47847f7e1) Importer(815301076,1909f56bfc062723c751e8b465ee728b)  -> (artifact id: '2830d85a82a3dd5ccad7ad21d9da72e3') in 0.029539 seconds 
  Import took 0.033184 seconds .

========================================================================
Received Import Request.
  Time since last request: 0.000225 seconds.
  path: Assets/MyResources/04. Animations/EnemyAnimations/TurtleShell/Defend_TurtleShell_Anim.fbx
  artifactKey: Guid(eece6c7b0fef3a74cacd7b1169d86d3b) Importer(815301076,1909f56bfc062723c751e8b465ee728b)
Start importing Assets/MyResources/04. Animations/EnemyAnimations/TurtleShell/Defend_TurtleShell_Anim.fbx using Guid(eece6c7b0fef3a74cacd7b1169d86d3b) Importer(815301076,1909f56bfc062723c751e8b465ee728b)  -> (artifact id: 'f20c6ae752f9d4d4decb7100e0297ba4') in 0.033948 seconds 
  Import took 0.038977 seconds .

========================================================================
Received Import Request.
  Time since last request: 0.000237 seconds.
  path: Assets/MyResources/04. Animations/EnemyAnimations/TurtleShell/Victory_TurtleShell_Anim.fbx
  artifactKey: Guid(2ce4c828bc03a8f4689ebc72e6dd73bb) Importer(815301076,1909f56bfc062723c751e8b465ee728b)
Start importing Assets/MyResources/04. Animations/EnemyAnimations/TurtleShell/Victory_TurtleShell_Anim.fbx using Guid(2ce4c828bc03a8f4689ebc72e6dd73bb) Importer(815301076,1909f56bfc062723c751e8b465ee728b)  -> (artifact id: 'cb4621c3505182a8b941c93d4b1f1dee') in 0.033109 seconds 
  Import took 0.035961 seconds .

========================================================================
Received Import Request.
  Time since last request: 0.000254 seconds.
  path: Assets/MyResources/04. Animations/EnemyAnimations/TurtleShell/Run_TurtleShell_Anim.fbx
  artifactKey: Guid(7167b0d559da22d439a92af6ec59a2ad) Importer(815301076,1909f56bfc062723c751e8b465ee728b)
Start importing Assets/MyResources/04. Animations/EnemyAnimations/TurtleShell/Run_TurtleShell_Anim.fbx using Guid(7167b0d559da22d439a92af6ec59a2ad) Importer(815301076,1909f56bfc062723c751e8b465ee728b)  -> (artifact id: '540b00013df1755744cef0332cdcd717') in 0.034193 seconds 
  Import took 0.037844 seconds .

========================================================================
Received Import Request.
  Time since last request: 0.001287 seconds.
  path: Assets/MyResources/04. Animations/EnemyAnimations/TurtleShell/Run_TurtleShell_Anim.fbx
  artifactKey: Guid(7167b0d559da22d439a92af6ec59a2ad) Importer(815301076,1909f56bfc062723c751e8b465ee728b)
Start importing Assets/MyResources/04. Animations/EnemyAnimations/TurtleShell/Run_TurtleShell_Anim.fbx using Guid(7167b0d559da22d439a92af6ec59a2ad) Importer(815301076,1909f56bfc062723c751e8b465ee728b)  -> (artifact id: '540b00013df1755744cef0332cdcd717') in 0.031455 seconds 
  Import took 0.035642 seconds .

========================================================================
Received Import Request.
  Time since last request: 1.896420 seconds.
  path: Assets/MyResources/04. Animations/UnitAnimation/m_weapon_idle_A.FBX
  artifactKey: Guid(f76657dd6f742dd4087218090ad1148c) Importer(815301076,1909f56bfc062723c751e8b465ee728b)
Start importing Assets/MyResources/04. Animations/UnitAnimation/m_weapon_idle_A.FBX using Guid(f76657dd6f742dd4087218090ad1148c) Importer(815301076,1909f56bfc062723c751e8b465ee728b)  -> (artifact id: '2b59896ee6205e92d06cb2e7b58ca2ba') in 0.011490 seconds 
  Import took 0.014908 seconds .

========================================================================
Received Import Request.
  Time since last request: 0.000238 seconds.
  path: Assets/MyResources/04. Animations/UnitAnimation/m_weapon_run_rm.FBX
  artifactKey: Guid(c0048537d6cf8f048b3f020cc6f2a35c) Importer(815301076,1909f56bfc062723c751e8b465ee728b)
Start importing Assets/MyResources/04. Animations/UnitAnimation/m_weapon_run_rm.FBX using Guid(c0048537d6cf8f048b3f020cc6f2a35c) Importer(815301076,1909f56bfc062723c751e8b465ee728b)  -> (artifact id: 'a14b9148b085764cf1f59fd9343f33e1') in 0.013525 seconds 
  Import took 0.016840 seconds .

========================================================================
Received Import Request.
  Time since last request: 0.000227 seconds.
  path: Assets/MyResources/04. Animations/UnitAnimation/m_weapon_idle_B.FBX
  artifactKey: Guid(e3caf38ba16a77949bc98ff31b5bd67f) Importer(815301076,1909f56bfc062723c751e8b465ee728b)
Start importing Assets/MyResources/04. Animations/UnitAnimation/m_weapon_idle_B.FBX using Guid(e3caf38ba16a77949bc98ff31b5bd67f) Importer(815301076,1909f56bfc062723c751e8b465ee728b)  -> (artifact id: 'ab374712c76608a669e8a246b50a67ad') in 0.013654 seconds 
  Import took 0.016798 seconds .

========================================================================
Received Import Request.
  Time since last request: 0.000233 seconds.
  path: Assets/MyResources/04. Animations/UnitAnimation/m_weapon_shoot_burst.FBX
  artifactKey: Guid(687cb842871188646890b29f6e3b80b6) Importer(815301076,1909f56bfc062723c751e8b465ee728b)
Start importing Assets/MyResources/04. Animations/UnitAnimation/m_weapon_shoot_burst.FBX using Guid(687cb842871188646890b29f6e3b80b6) Importer(815301076,1909f56bfc062723c751e8b465ee728b)  -> (artifact id: '75e48f512891b9bbf3b58e192cf1ed9a') in 0.017400 seconds 
  Import took 0.020357 seconds .

========================================================================
Received Import Request.
  Time since last request: 0.000349 seconds.
  path: Assets/MyResources/04. Animations/UnitAnimation/m_weapon_shoot.FBX
  artifactKey: Guid(80ab5b1ef45fca4489c63ad4e31b41a1) Importer(815301076,1909f56bfc062723c751e8b465ee728b)
Start importing Assets/MyResources/04. Animations/UnitAnimation/m_weapon_shoot.FBX using Guid(80ab5b1ef45fca4489c63ad4e31b41a1) Importer(815301076,1909f56bfc062723c751e8b465ee728b)  -> (artifact id: '331663a13ddfc440d6d419781be7ec0f') in 0.014540 seconds 
  Import took 0.017714 seconds .

========================================================================
Received Import Request.
  Time since last request: 0.000285 seconds.
  path: Assets/MyResources/04. Animations/UnitAnimation/m_weapon_run.FBX
  artifactKey: Guid(5af874656ec2e434b80f9647d65942a7) Importer(815301076,1909f56bfc062723c751e8b465ee728b)
Start importing Assets/MyResources/04. Animations/UnitAnimation/m_weapon_run.FBX using Guid(5af874656ec2e434b80f9647d65942a7) Importer(815301076,1909f56bfc062723c751e8b465ee728b)  -> (artifact id: 'ae473183941deb448230371ffb207b17') in 0.014597 seconds 
  Import took 0.017634 seconds .

========================================================================
Received Import Request.
  Time since last request: 4.670479 seconds.
  path: Assets/MyResources/05. Prefab/UnitPrefab
  artifactKey: Guid(75dc1f9de6740bb4da52b54ad5c50bb2) Importer(815301076,1909f56bfc062723c751e8b465ee728b)
Start importing Assets/MyResources/05. Prefab/UnitPrefab using Guid(75dc1f9de6740bb4da52b54ad5c50bb2) Importer(815301076,1909f56bfc062723c751e8b465ee728b)  -> (artifact id: 'eb1246b3674cced7e074806818a33100') in 0.008390 seconds 
  Import took 0.015058 seconds .

========================================================================
Received Import Request.
  Time since last request: 0.033618 seconds.
  path: Assets/MyResources/05. Prefab/UnitPrefab/TT_Soldiers_Demo.prefab
  artifactKey: Guid(5bf81c1e7c3fa764c9ad1ad61f333094) Importer(815301076,1909f56bfc062723c751e8b465ee728b)
Start importing Assets/MyResources/05. Prefab/UnitPrefab/TT_Soldiers_Demo.prefab using Guid(5bf81c1e7c3fa764c9ad1ad61f333094) Importer(815301076,1909f56bfc062723c751e8b465ee728b)  -> (artifact id: 'b4e36db9c7c33dba60065cea0436f68a') in 0.014480 seconds 
  Import took 0.017651 seconds .

========================================================================
Received Import Request.
  Time since last request: 5.677314 seconds.
  path: Assets/MyResources/05. Prefab/EnemyPrefabs/Slime.prefab
  artifactKey: Guid(a817c29ea6847604bb2c6c51d9a74bf1) Importer(815301076,1909f56bfc062723c751e8b465ee728b)
Start importing Assets/MyResources/05. Prefab/EnemyPrefabs/Slime.prefab using Guid(a817c29ea6847604bb2c6c51d9a74bf1) Importer(815301076,1909f56bfc062723c751e8b465ee728b)  -> (artifact id: '7d638b96153779719bf6ec3df92cb0c9') in 0.022043 seconds 
  Import took 0.025487 seconds .

========================================================================
Received Import Request.
  Time since last request: 0.000301 seconds.
  path: Assets/MyResources/05. Prefab/EnemyPrefabs/TurtleShellPBR.prefab
  artifactKey: Guid(38efdaadbfe1d624bbee439cb02e7661) Importer(815301076,1909f56bfc062723c751e8b465ee728b)
Start importing Assets/MyResources/05. Prefab/EnemyPrefabs/TurtleShellPBR.prefab using Guid(38efdaadbfe1d624bbee439cb02e7661) Importer(815301076,1909f56bfc062723c751e8b465ee728b)  -> (artifact id: 'da09cacfadee07858ced74d7e71dcf99') in 0.035654 seconds 
  Import took 0.039171 seconds .

========================================================================
Received Import Request.
  Time since last request: 0.000301 seconds.
  path: Assets/MyResources/05. Prefab/EnemyPrefabs/SlimePBR.prefab
  artifactKey: Guid(55776efecb0cd134ea5f418c2f97a705) Importer(815301076,1909f56bfc062723c751e8b465ee728b)
Start importing Assets/MyResources/05. Prefab/EnemyPrefabs/SlimePBR.prefab using Guid(55776efecb0cd134ea5f418c2f97a705) Importer(815301076,1909f56bfc062723c751e8b465ee728b)  -> (artifact id: '098937a85f1b6bb91356e4a3ff4f2618') in 0.034259 seconds 
  Import took 0.038004 seconds .

========================================================================
Received Import Request.
  Time since last request: 0.000315 seconds.
  path: Assets/MyResources/05. Prefab/EnemyPrefabs/TurtleShell.prefab
  artifactKey: Guid(3aec22b5d3f3c2947bb81040b56e5f96) Importer(815301076,1909f56bfc062723c751e8b465ee728b)
Start importing Assets/MyResources/05. Prefab/EnemyPrefabs/TurtleShell.prefab using Guid(3aec22b5d3f3c2947bb81040b56e5f96) Importer(815301076,1909f56bfc062723c751e8b465ee728b)  -> (artifact id: 'b31ead5d24c6013db174c870dbfad056') in 0.037792 seconds 
  Import took 0.041496 seconds .

========================================================================
Received Import Request.
  Time since last request: 3.772920 seconds.
  path: Assets/MyResources/07. Audio/MainMixer.mixer
  artifactKey: Guid(d145ef7ec5c612648aba1716a7f53ac9) Importer(815301076,1909f56bfc062723c751e8b465ee728b)
Start importing Assets/MyResources/07. Audio/MainMixer.mixer using Guid(d145ef7ec5c612648aba1716a7f53ac9) Importer(815301076,1909f56bfc062723c751e8b465ee728b)  -> (artifact id: 'e3d9168bc4504e334bf8c598e80eb52f') in 0.009197 seconds 
  Import took 0.012742 seconds .

AssetImportWorkerClient::OnTransportError - code=2 error=End of file
